This is XeTeX, Version 3.14159265-2.6-0.999991 (MiKTeX 2.9.7050 64-bit) (preloaded format=xelatex 2020.7.10)  10 JUL 2021 06:12
entering extended mode
**./Tectutorial.tex
(Tectutorial.tex
LaTeX2e <2018-12-01>
("C:\Program Files\MiKTeX 2.9\tex/latex/base\article.cls"
Document Class: article 2018/09/03 v1.4i Standard LaTeX document class
("C:\Program Files\MiKTeX 2.9\tex/latex/base\size12.clo"
File: size12.clo 2018/09/03 v1.4i Standard LaTeX file (size option)
)
\c@part=\count80
\c@section=\count81
\c@subsection=\count82
\c@subsubsection=\count83
\c@paragraph=\count84
\c@subparagraph=\count85
\c@figure=\count86
\c@table=\count87
\abovecaptionskip=\skip41
\belowcaptionskip=\skip42
\bibindent=\dimen102
) ("C:\Program Files\MiKTeX 2.9\tex/latex/amsmath\amsmath.sty"
Package: amsmath 2018/12/01 v2.17b AMS math features
\@mathmargin=\skip43
For additional information on amsmath, use the `?' option.
("C:\Program Files\MiKTeX 2.9\tex/latex/amsmath\amstext.sty"
Package: amstext 2000/06/29 v2.01 AMS text
("C:\Program Files\MiKTeX 2.9\tex/latex/amsmath\amsgen.sty"
File: amsgen.sty 1999/11/30 v2.0 generic functions
\@emptytoks=\toks14
\ex@=\dimen103
)) ("C:\Program Files\MiKTeX 2.9\tex/latex/amsmath\amsbsy.sty"
Package: amsbsy 1999/11/29 v1.2d Bold Symbols
\pmbraise@=\dimen104
) ("C:\Program Files\MiKTeX 2.9\tex/latex/amsmath\amsopn.sty"
Package: amsopn 2016/03/08 v2.02 operator names
)
\inf@bad=\count88
LaTeX Info: Redefining \frac on input line 223.
\uproot@=\count89
\leftroot@=\count90
LaTeX Info: Redefining \overline on input line 385.
\classnum@=\count91
\DOTSCASE@=\count92
LaTeX Info: Redefining \ldots on input line 482.
LaTeX Info: Redefining \dots on input line 485.
LaTeX Info: Redefining \cdots on input line 606.
\Mathstrutbox@=\box27
\strutbox@=\box28
\big@size=\dimen105
LaTeX Font Info:    Redeclaring font encoding OML on input line 729.
LaTeX Font Info:    Redeclaring font encoding OMS on input line 730.
\macc@depth=\count93
\c@MaxMatrixCols=\count94
\dotsspace@=\muskip10
\c@parentequation=\count95
\dspbrk@lvl=\count96
\tag@help=\toks15
\row@=\count97
\column@=\count98
\maxfields@=\count99
\andhelp@=\toks16
\eqnshift@=\dimen106
\alignsep@=\dimen107
\tagshift@=\dimen108
\tagwidth@=\dimen109
\totwidth@=\dimen110
\lineht@=\dimen111
\@envbody=\toks17
\multlinegap=\skip44
\multlinetaggap=\skip45
\mathdisplay@stack=\toks18
LaTeX Info: Redefining \[ on input line 2844.
LaTeX Info: Redefining \] on input line 2845.
) ("C:\Program Files\MiKTeX 2.9\tex/latex/amsfonts\amssymb.sty"
Package: amssymb 2013/01/14 v3.01 AMS font symbols
("C:\Program Files\MiKTeX 2.9\tex/latex/amsfonts\amsfonts.sty"
Package: amsfonts 2013/01/14 v3.01 Basic AMSFonts support
\symAMSa=\mathgroup4
\symAMSb=\mathgroup5
LaTeX Font Info:    Overwriting math alphabet `\mathfrak' in version `bold'
(Font)                  U/euf/m/n --> U/euf/b/n on input line 106.
)) ("C:\Program Files\MiKTeX 2.9\tex/latex/lm\lmodern.sty"
Package: lmodern 2009/10/30 v1.6 Latin Modern Fonts
LaTeX Font Info:    Overwriting symbol font `operators' in version `normal'
(Font)                  OT1/cmr/m/n --> OT1/lmr/m/n on input line 22.
LaTeX Font Info:    Overwriting symbol font `letters' in version `normal'
(Font)                  OML/cmm/m/it --> OML/lmm/m/it on input line 23.
LaTeX Font Info:    Overwriting symbol font `symbols' in version `normal'
(Font)                  OMS/cmsy/m/n --> OMS/lmsy/m/n on input line 24.
LaTeX Font Info:    Overwriting symbol font `largesymbols' in version `normal'
(Font)                  OMX/cmex/m/n --> OMX/lmex/m/n on input line 25.
LaTeX Font Info:    Overwriting symbol font `operators' in version `bold'
(Font)                  OT1/cmr/bx/n --> OT1/lmr/bx/n on input line 26.
LaTeX Font Info:    Overwriting symbol font `letters' in version `bold'
(Font)                  OML/cmm/b/it --> OML/lmm/b/it on input line 27.
LaTeX Font Info:    Overwriting symbol font `symbols' in version `bold'
(Font)                  OMS/cmsy/b/n --> OMS/lmsy/b/n on input line 28.
LaTeX Font Info:    Overwriting symbol font `largesymbols' in version `bold'
(Font)                  OMX/cmex/m/n --> OMX/lmex/m/n on input line 29.
LaTeX Font Info:    Overwriting math alphabet `\mathbf' in version `normal'
(Font)                  OT1/cmr/bx/n --> OT1/lmr/bx/n on input line 31.
LaTeX Font Info:    Overwriting math alphabet `\mathsf' in version `normal'
(Font)                  OT1/cmss/m/n --> OT1/lmss/m/n on input line 32.
LaTeX Font Info:    Overwriting math alphabet `\mathit' in version `normal'
(Font)                  OT1/cmr/m/it --> OT1/lmr/m/it on input line 33.
LaTeX Font Info:    Overwriting math alphabet `\mathtt' in version `normal'
(Font)                  OT1/cmtt/m/n --> OT1/lmtt/m/n on input line 34.
LaTeX Font Info:    Overwriting math alphabet `\mathbf' in version `bold'
(Font)                  OT1/cmr/bx/n --> OT1/lmr/bx/n on input line 35.
LaTeX Font Info:    Overwriting math alphabet `\mathsf' in version `bold'
(Font)                  OT1/cmss/bx/n --> OT1/lmss/bx/n on input line 36.
LaTeX Font Info:    Overwriting math alphabet `\mathit' in version `bold'
(Font)                  OT1/cmr/bx/it --> OT1/lmr/bx/it on input line 37.
LaTeX Font Info:    Overwriting math alphabet `\mathtt' in version `bold'
(Font)                  OT1/cmtt/m/n --> OT1/lmtt/m/n on input line 38.
) ("C:\Program Files\MiKTeX 2.9\tex/generic/ifxetex\ifxetex.sty"
Package: ifxetex 2010/09/12 v0.6 Provides ifxetex conditional
) ("C:\Program Files\MiKTeX 2.9\tex/generic/oberdiek\ifluatex.sty"
Package: ifluatex 2016/05/16 v1.4 Provides the ifluatex switch (HO)
Package ifluatex Info: LuaTeX not detected.
) ("C:\Program Files\MiKTeX 2.9\tex/latex/unicode-math\unicode-math.sty" ("C:\P
rogram Files\MiKTeX 2.9\tex/latex/l3kernel\expl3.sty"
Package: expl3 2019-07-01 L3 programming layer (loader) 
("C:\Program Files\MiKTeX 2.9\tex/latex/l3kernel\expl3-code.tex"
Package: expl3 2019-07-01 L3 programming layer (code)
\c_max_int=\count100
\l_tmpa_int=\count101
\l_tmpb_int=\count102
\g_tmpa_int=\count103
\g_tmpb_int=\count104
\g__kernel_prg_map_int=\count105
\c__ior_term_ior=\count106
\c_log_iow=\count107
\l_iow_line_count_int=\count108
\l__iow_line_target_int=\count109
\l__iow_one_indent_int=\count110
\l__iow_indent_int=\count111
\c_zero_dim=\dimen112
\c_max_dim=\dimen113
\l_tmpa_dim=\dimen114
\l_tmpb_dim=\dimen115
\g_tmpa_dim=\dimen116
\g_tmpb_dim=\dimen117
\c_zero_skip=\skip46
\c_max_skip=\skip47
\l_tmpa_skip=\skip48
\l_tmpb_skip=\skip49
\g_tmpa_skip=\skip50
\g_tmpb_skip=\skip51
\c_zero_muskip=\muskip11
\c_max_muskip=\muskip12
\l_tmpa_muskip=\muskip13
\l_tmpb_muskip=\muskip14
\g_tmpa_muskip=\muskip15
\g_tmpb_muskip=\muskip16
\l_keys_choice_int=\count112
\l__intarray_loop_int=\count113
\c__intarray_sp_dim=\dimen118
\g__intarray_font_int=\count114
\c__fp_leading_shift_int=\count115
\c__fp_middle_shift_int=\count116
\c__fp_trailing_shift_int=\count117
\c__fp_big_leading_shift_int=\count118
\c__fp_big_middle_shift_int=\count119
\c__fp_big_trailing_shift_int=\count120
\c__fp_Bigg_leading_shift_int=\count121
\c__fp_Bigg_middle_shift_int=\count122
\c__fp_Bigg_trailing_shift_int=\count123
\g__fp_array_int=\count124
\l__fp_array_loop_int=\count125
\l__sort_length_int=\count126
\l__sort_min_int=\count127
\l__sort_top_int=\count128
\l__sort_max_int=\count129
\l__sort_true_max_int=\count130
\l__sort_block_int=\count131
\l__sort_begin_int=\count132
\l__sort_end_int=\count133
\l__sort_A_int=\count134
\l__sort_B_int=\count135
\l__sort_C_int=\count136
\l__str_internal_int=\count137
\l__tl_analysis_normal_int=\count138
\l__tl_analysis_index_int=\count139
\l__tl_analysis_nesting_int=\count140
\l__tl_analysis_type_int=\count141
\l__regex_internal_a_int=\count142
\l__regex_internal_b_int=\count143
\l__regex_internal_c_int=\count144
\l__regex_balance_int=\count145
\l__regex_group_level_int=\count146
\l__regex_mode_int=\count147
\c__regex_cs_in_class_mode_int=\count148
\c__regex_cs_mode_int=\count149
\l__regex_catcodes_int=\count150
\l__regex_default_catcodes_int=\count151
\c__regex_catcode_L_int=\count152
\c__regex_catcode_O_int=\count153
\c__regex_catcode_A_int=\count154
\c__regex_all_catcodes_int=\count155
\l__regex_show_lines_int=\count156
\l__regex_min_state_int=\count157
\l__regex_max_state_int=\count158
\l__regex_left_state_int=\count159
\l__regex_right_state_int=\count160
\l__regex_capturing_group_int=\count161
\l__regex_min_pos_int=\count162
\l__regex_max_pos_int=\count163
\l__regex_curr_pos_int=\count164
\l__regex_start_pos_int=\count165
\l__regex_success_pos_int=\count166
\l__regex_curr_char_int=\count167
\l__regex_curr_catcode_int=\count168
\l__regex_last_char_int=\count169
\l__regex_case_changed_char_int=\count170
\l__regex_curr_state_int=\count171
\l__regex_step_int=\count172
\l__regex_min_active_int=\count173
\l__regex_max_active_int=\count174
\l__regex_replacement_csnames_int=\count175
\l__regex_match_count_int=\count176
\l__regex_min_submatch_int=\count177
\l__regex_submatch_int=\count178
\l__regex_zeroth_submatch_int=\count179
\g__regex_trace_regex_int=\count180
\c_empty_box=\box29
\l_tmpa_box=\box30
\l_tmpb_box=\box31
\g_tmpa_box=\box32
\g_tmpb_box=\box33
\l__box_top_dim=\dimen119
\l__box_bottom_dim=\dimen120
\l__box_left_dim=\dimen121
\l__box_right_dim=\dimen122
\l__box_top_new_dim=\dimen123
\l__box_bottom_new_dim=\dimen124
\l__box_left_new_dim=\dimen125
\l__box_right_new_dim=\dimen126
\l__box_internal_box=\box34
\l__coffin_internal_box=\box35
\l__coffin_internal_dim=\dimen127
\l__coffin_offset_x_dim=\dimen128
\l__coffin_offset_y_dim=\dimen129
\l__coffin_x_dim=\dimen130
\l__coffin_y_dim=\dimen131
\l__coffin_x_prime_dim=\dimen132
\l__coffin_y_prime_dim=\dimen133
\c_empty_coffin=\box36
\l__coffin_aligned_coffin=\box37
\l__coffin_aligned_internal_coffin=\box38
\l_tmpa_coffin=\box39
\l_tmpb_coffin=\box40
\g_tmpa_coffin=\box41
\g_tmpb_coffin=\box42
\l__coffin_bounding_shift_dim=\dimen134
\l__coffin_left_corner_dim=\dimen135
\l__coffin_right_corner_dim=\dimen136
\l__coffin_bottom_corner_dim=\dimen137
\l__coffin_top_corner_dim=\dimen138
\l__coffin_scaled_total_height_dim=\dimen139
\l__coffin_scaled_width_dim=\dimen140
\c__coffin_empty_coffin=\box43
\l__coffin_display_coffin=\box44
\l__coffin_display_coord_coffin=\box45
\l__coffin_display_pole_coffin=\box46
\l__coffin_display_offset_dim=\dimen141
\l__coffin_display_x_dim=\dimen142
\l__coffin_display_y_dim=\dimen143
\g__file_internal_ior=\read1
\l__seq_internal_a_int=\count181
\l__seq_internal_b_int=\count182
\c__deprecation_minus_one=\count183
) ("C:\Program Files\MiKTeX 2.9\tex/latex/l3backend\l3backend-xdvipdfmx.def"
File: l3backend-xdvipdfmx.def 2019-04-06 v L3 Experimental backend support: xdv
ipdfmx
\g__graphics_track_int=\count184
\l__pdf_internal_box=\box47
\g__pdf_backend_object_int=\count185
\g__pdf_backend_annotation_int=\count186
))
Package: unicode-math 2019/03/04 v0.8o Unicode maths in XeLaTeX and LuaLaTeX
("C:\Program Files\MiKTeX 2.9\tex/latex/unicode-math\unicode-math-xetex.sty"
Package: unicode-math-xetex 2019/03/04 v0.8o Unicode maths in XeLaTeX and LuaLa
TeX
("C:\Program Files\MiKTeX 2.9\tex/latex/l3packages/xparse\xparse.sty"
Package: xparse 2019-05-28 L3 Experimental document command parser
\l__xparse_current_arg_int=\count187
\g__xparse_grabber_int=\count188
\l__xparse_m_args_int=\count189
\l__xparse_v_nesting_int=\count190
) ("C:\Program Files\MiKTeX 2.9\tex/latex/l3packages/l3keys2e\l3keys2e.sty"
Package: l3keys2e 2019-05-28 LaTeX2e option processing using LaTeX3 keys
) ("C:\Program Files\MiKTeX 2.9\tex/latex/fontspec\fontspec.sty"
Package: fontspec 2019/03/15 v2.7c Font selection for XeLaTeX and LuaLaTeX
("C:\Program Files\MiKTeX 2.9\tex/latex/fontspec\fontspec-xetex.sty"
Package: fontspec-xetex 2019/03/15 v2.7c Font selection for XeLaTeX and LuaLaTe
X
\l__fontspec_script_int=\count191
\l__fontspec_language_int=\count192
\l__fontspec_strnum_int=\count193
\l__fontspec_tmp_int=\count194
\l__fontspec_tmpa_int=\count195
\l__fontspec_tmpb_int=\count196
\l__fontspec_tmpc_int=\count197
\l__fontspec_em_int=\count198
\l__fontspec_emdef_int=\count199
\l__fontspec_strong_int=\count266
\l__fontspec_strongdef_int=\count267
\l__fontspec_tmpa_dim=\dimen144
\l__fontspec_tmpb_dim=\dimen145
\l__fontspec_tmpc_dim=\dimen146
("C:\Program Files\MiKTeX 2.9\tex/latex/base\fontenc.sty"
Package: fontenc 2018/08/11 v2.0j Standard LaTeX package
("C:\Program Files\MiKTeX 2.9\tex/latex/base\tuenc.def"
File: tuenc.def 2018/08/11 v2.0j Standard LaTeX file
LaTeX Font Info:    Redeclaring font encoding TU on input line 82.
)) ("C:\Program Files\MiKTeX 2.9\tex/latex/fontspec\fontspec.cfg")
LaTeX Info: Redefining \itshape on input line 4051.
LaTeX Info: Redefining \slshape on input line 4056.
LaTeX Info: Redefining \scshape on input line 4061.
LaTeX Info: Redefining \upshape on input line 4066.
LaTeX Info: Redefining \em on input line 4096.
LaTeX Info: Redefining \emph on input line 4121.
)) ("C:\Program Files\MiKTeX 2.9\tex/latex/filehook\filehook.sty"
Package: filehook 2011/10/12 v0.5d Hooks for input files
) ("C:\Program Files\MiKTeX 2.9\tex/latex/base\fix-cm.sty"
Package: fix-cm 2015/01/14 v1.1t fixes to LaTeX
("C:\Program Files\MiKTeX 2.9\tex/latex/base\ts1enc.def"
File: ts1enc.def 2001/06/05 v3.0e (jk/car/fm) Standard LaTeX file
))
\g__um_fam_int=\count268
\g__um_fonts_used_int=\count269
\l__um_primecount_int=\count270
\g__um_primekern_muskip=\muskip17
("C:\Program Files\MiKTeX 2.9\tex/latex/unicode-math\unicode-math-table.tex")

Package unicode-math Info: I'm going to patch macro \subarray.


Package unicode-math Info: I'm going to patch macro \r@@t.

)) ("C:\Program Files\MiKTeX 2.9\tex/latex/upquote\upquote.sty"
Package: upquote 2012/04/19 v1.3 upright-quote and grave-accent glyphs in verba
tim
("C:\Program Files\MiKTeX 2.9\tex/latex/base\textcomp.sty"
Package: textcomp 2018/08/11 v2.0j Standard LaTeX package
Package textcomp Info: Sub-encoding information:
(textcomp)               5 = only ISO-Adobe without \textcurrency
(textcomp)               4 = 5 + \texteuro
(textcomp)               3 = 4 + \textohm
(textcomp)               2 = 3 + \textestimated + \textcurrency
(textcomp)               1 = TS1 - \textcircled - \t
(textcomp)               0 = TS1 (full)
(textcomp)             Font families with sub-encoding setting implement
(textcomp)             only a restricted character set as indicated.
(textcomp)             Family '?' is the default used for unknown fonts.
(textcomp)             See the documentation for details.
Package textcomp Info: Setting ? sub-encoding to TS1/1 on input line 79.
("C:\Program Files\MiKTeX 2.9\tex/latex/base\ts1enc.def"
File: ts1enc.def 2001/06/05 v3.0e (jk/car/fm) Standard LaTeX file
LaTeX Font Info:    Redeclaring font encoding TS1 on input line 47.
)
LaTeX Info: Redefining \oldstylenums on input line 334.
Package textcomp Info: Setting cmr sub-encoding to TS1/0 on input line 349.
Package textcomp Info: Setting cmss sub-encoding to TS1/0 on input line 350.
Package textcomp Info: Setting cmtt sub-encoding to TS1/0 on input line 351.
Package textcomp Info: Setting cmvtt sub-encoding to TS1/0 on input line 352.
Package textcomp Info: Setting cmbr sub-encoding to TS1/0 on input line 353.
Package textcomp Info: Setting cmtl sub-encoding to TS1/0 on input line 354.
Package textcomp Info: Setting ccr sub-encoding to TS1/0 on input line 355.
Package textcomp Info: Setting ptm sub-encoding to TS1/4 on input line 356.
Package textcomp Info: Setting pcr sub-encoding to TS1/4 on input line 357.
Package textcomp Info: Setting phv sub-encoding to TS1/4 on input line 358.
Package textcomp Info: Setting ppl sub-encoding to TS1/3 on input line 359.
Package textcomp Info: Setting pag sub-encoding to TS1/4 on input line 360.
Package textcomp Info: Setting pbk sub-encoding to TS1/4 on input line 361.
Package textcomp Info: Setting pnc sub-encoding to TS1/4 on input line 362.
Package textcomp Info: Setting pzc sub-encoding to TS1/4 on input line 363.
Package textcomp Info: Setting bch sub-encoding to TS1/4 on input line 364.
Package textcomp Info: Setting put sub-encoding to TS1/5 on input line 365.
Package textcomp Info: Setting uag sub-encoding to TS1/5 on input line 366.
Package textcomp Info: Setting ugq sub-encoding to TS1/5 on input line 367.
Package textcomp Info: Setting ul8 sub-encoding to TS1/4 on input line 368.
Package textcomp Info: Setting ul9 sub-encoding to TS1/4 on input line 369.
Package textcomp Info: Setting augie sub-encoding to TS1/5 on input line 370.
Package textcomp Info: Setting dayrom sub-encoding to TS1/3 on input line 371.
Package textcomp Info: Setting dayroms sub-encoding to TS1/3 on input line 372.

Package textcomp Info: Setting pxr sub-encoding to TS1/0 on input line 373.
Package textcomp Info: Setting pxss sub-encoding to TS1/0 on input line 374.
Package textcomp Info: Setting pxtt sub-encoding to TS1/0 on input line 375.
Package textcomp Info: Setting txr sub-encoding to TS1/0 on input line 376.
Package textcomp Info: Setting txss sub-encoding to TS1/0 on input line 377.
Package textcomp Info: Setting txtt sub-encoding to TS1/0 on input line 378.
Package textcomp Info: Setting lmr sub-encoding to TS1/0 on input line 379.
Package textcomp Info: Setting lmdh sub-encoding to TS1/0 on input line 380.
Package textcomp Info: Setting lmss sub-encoding to TS1/0 on input line 381.
Package textcomp Info: Setting lmssq sub-encoding to TS1/0 on input line 382.
Package textcomp Info: Setting lmvtt sub-encoding to TS1/0 on input line 383.
Package textcomp Info: Setting lmtt sub-encoding to TS1/0 on input line 384.
Package textcomp Info: Setting qhv sub-encoding to TS1/0 on input line 385.
Package textcomp Info: Setting qag sub-encoding to TS1/0 on input line 386.
Package textcomp Info: Setting qbk sub-encoding to TS1/0 on input line 387.
Package textcomp Info: Setting qcr sub-encoding to TS1/0 on input line 388.
Package textcomp Info: Setting qcs sub-encoding to TS1/0 on input line 389.
Package textcomp Info: Setting qpl sub-encoding to TS1/0 on input line 390.
Package textcomp Info: Setting qtm sub-encoding to TS1/0 on input line 391.
Package textcomp Info: Setting qzc sub-encoding to TS1/0 on input line 392.
Package textcomp Info: Setting qhvc sub-encoding to TS1/0 on input line 393.
Package textcomp Info: Setting futs sub-encoding to TS1/4 on input line 394.
Package textcomp Info: Setting futx sub-encoding to TS1/4 on input line 395.
Package textcomp Info: Setting futj sub-encoding to TS1/4 on input line 396.
Package textcomp Info: Setting hlh sub-encoding to TS1/3 on input line 397.
Package textcomp Info: Setting hls sub-encoding to TS1/3 on input line 398.
Package textcomp Info: Setting hlst sub-encoding to TS1/3 on input line 399.
Package textcomp Info: Setting hlct sub-encoding to TS1/5 on input line 400.
Package textcomp Info: Setting hlx sub-encoding to TS1/5 on input line 401.
Package textcomp Info: Setting hlce sub-encoding to TS1/5 on input line 402.
Package textcomp Info: Setting hlcn sub-encoding to TS1/5 on input line 403.
Package textcomp Info: Setting hlcw sub-encoding to TS1/5 on input line 404.
Package textcomp Info: Setting hlcf sub-encoding to TS1/5 on input line 405.
Package textcomp Info: Setting pplx sub-encoding to TS1/3 on input line 406.
Package textcomp Info: Setting pplj sub-encoding to TS1/3 on input line 407.
Package textcomp Info: Setting ptmx sub-encoding to TS1/4 on input line 408.
Package textcomp Info: Setting ptmj sub-encoding to TS1/4 on input line 409.
)) ("C:\Program Files\MiKTeX 2.9\tex/latex/microtype\microtype.sty"
Package: microtype 2019/02/28 v2.7b Micro-typographical refinements (RS)
("C:\Program Files\MiKTeX 2.9\tex/latex/graphics\keyval.sty"
Package: keyval 2014/10/28 v1.15 key=value parser (DPC)
\KV@toks@=\toks19
)
\MT@toks=\toks20
\MT@count=\count271
LaTeX Info: Redefining \textls on input line 790.
\MT@outer@kern=\dimen147
LaTeX Info: Redefining \textmicrotypecontext on input line 1336.
\MT@listname@count=\count272
("C:\Program Files\MiKTeX 2.9\tex/latex/microtype\microtype-xetex.def"
File: microtype-xetex.def 2019/02/28 v2.7b Definitions specific to xetex (RS)
LaTeX Info: Redefining \lsstyle on input line 258.
)
Package microtype Info: Loading configuration file microtype.cfg.
("C:\Program Files\MiKTeX 2.9\tex/latex/microtype\microtype.cfg"
File: microtype.cfg 2019/02/28 v2.7b microtype main configuration file (RS)
)) ("C:\Program Files\MiKTeX 2.9\tex/latex/parskip\parskip.sty"
Package: parskip 2019-01-16 v2.0c non-zero parskip adjustments
("C:\Program Files\MiKTeX 2.9\tex/latex/oberdiek\kvoptions.sty"
Package: kvoptions 2016/05/16 v3.12 Key value format for package options (HO)
("C:\Program Files\MiKTeX 2.9\tex/generic/oberdiek\ltxcmds.sty"
Package: ltxcmds 2016/05/16 v1.23 LaTeX kernel commands for general use (HO)
) ("C:\Program Files\MiKTeX 2.9\tex/generic/oberdiek\kvsetkeys.sty"
Package: kvsetkeys 2016/05/16 v1.17 Key value parser (HO)
("C:\Program Files\MiKTeX 2.9\tex/generic/oberdiek\infwarerr.sty"
Package: infwarerr 2016/05/16 v1.4 Providing info/warning/error messages (HO)
) ("C:\Program Files\MiKTeX 2.9\tex/generic/oberdiek\etexcmds.sty"
Package: etexcmds 2016/05/16 v1.6 Avoid name clashes with e-TeX commands (HO)
))) ("C:\Program Files\MiKTeX 2.9\tex/latex/etoolbox\etoolbox.sty"
Package: etoolbox 2018/08/19 v2.5f e-TeX tools for LaTeX (JAW)
\etb@tempcnta=\count273
)) ("C:\Program Files\MiKTeX 2.9\tex/latex/xcolor\xcolor.sty"
Package: xcolor 2016/05/11 v2.12 LaTeX color extensions (UK)
("C:\Program Files\MiKTeX 2.9\tex/latex/graphics-cfg\color.cfg"
File: color.cfg 2016/01/02 v1.6 sample color configuration
)
Package xcolor Info: Driver file: xetex.def on input line 225.
("C:\Program Files\MiKTeX 2.9\tex/latex/graphics-def\xetex.def"
File: xetex.def 2017/06/24 v5.0h Graphics/color driver for xetex
)
Package xcolor Info: Model `cmy' substituted by `cmy0' on input line 1348.
Package xcolor Info: Model `RGB' extended on input line 1364.
Package xcolor Info: Model `HTML' substituted by `rgb' on input line 1366.
Package xcolor Info: Model `Hsb' substituted by `hsb' on input line 1367.
Package xcolor Info: Model `tHsb' substituted by `hsb' on input line 1368.
Package xcolor Info: Model `HSB' substituted by `hsb' on input line 1369.
Package xcolor Info: Model `Gray' substituted by `gray' on input line 1370.
Package xcolor Info: Model `wave' substituted by `hsb' on input line 1371.
) ("C:\Program Files\MiKTeX 2.9\tex/latex/xurl\xurl.sty"
Package: xurl 2018/12/23 v 0.07 modify URL breaks
("C:\Program Files\MiKTeX 2.9\tex/latex/url\url.sty"
\Urlmuskip=\muskip18
Package: url 2013/09/16  ver 3.4  Verb mode for urls, etc.
)) ("C:\Program Files\MiKTeX 2.9\tex/latex/oberdiek\bookmark.sty"
Package: bookmark 2016/05/17 v1.26 PDF bookmarks (HO)
("C:\Program Files\MiKTeX 2.9\tex/generic/oberdiek\pdfescape.sty"
Package: pdfescape 2016/05/16 v1.14 Implements pdfTeX's escape features (HO)
("C:\Program Files\MiKTeX 2.9\tex/generic/oberdiek\pdftexcmds.sty"
Package: pdftexcmds 2018/09/10 v0.29 Utility functions of pdfTeX for LuaTeX (HO
)
("C:\Program Files\MiKTeX 2.9\tex/generic/oberdiek\ifpdf.sty"
Package: ifpdf 2018/09/07 v3.3 Provides the ifpdf switch
)
Package pdftexcmds Info: LuaTeX not detected.
Package pdftexcmds Info: pdfTeX >= 1.30 not detected.
Package pdftexcmds Info: \pdf@primitive is available.
Package pdftexcmds Info: \pdf@ifprimitive is available.
Package pdftexcmds Info: \pdfdraftmode not found.
)) ("C:\Program Files\MiKTeX 2.9\tex/generic/oberdiek\ifvtex.sty"
Package: ifvtex 2016/05/16 v1.6 Detect VTeX and its facilities (HO)
Package ifvtex Info: VTeX not detected.
) ("C:\Program Files\MiKTeX 2.9\tex/latex/hyperref\hyperref.sty"
Package: hyperref 2018/11/30 v6.88e Hypertext links for LaTeX
("C:\Program Files\MiKTeX 2.9\tex/generic/oberdiek\hobsub-hyperref.sty"
Package: hobsub-hyperref 2016/05/16 v1.14 Bundle oberdiek, subset hyperref (HO)

("C:\Program Files\MiKTeX 2.9\tex/generic/oberdiek\hobsub-generic.sty"
Package: hobsub-generic 2016/05/16 v1.14 Bundle oberdiek, subset generic (HO)
Package: hobsub 2016/05/16 v1.14 Construct package bundles (HO)
Package hobsub Info: Skipping package `infwarerr' (already loaded).
Package hobsub Info: Skipping package `ltxcmds' (already loaded).
Package hobsub Info: Skipping package `ifluatex' (already loaded).
Package hobsub Info: Skipping package `ifvtex' (already loaded).
Package: intcalc 2016/05/16 v1.2 Expandable calculations with integers (HO)
Package hobsub Info: Skipping package `ifpdf' (already loaded).
Package hobsub Info: Skipping package `etexcmds' (already loaded).
Package hobsub Info: Skipping package `kvsetkeys' (already loaded).
Package: kvdefinekeys 2016/05/16 v1.4 Define keys (HO)
Package hobsub Info: Skipping package `pdftexcmds' (already loaded).
Package hobsub Info: Skipping package `pdfescape' (already loaded).
Package: bigintcalc 2016/05/16 v1.4 Expandable calculations on big integers (HO
)
Package: bitset 2016/05/16 v1.2 Handle bit-vector datatype (HO)
Package: uniquecounter 2016/05/16 v1.3 Provide unlimited unique counter (HO)
)
Package hobsub Info: Skipping package `hobsub' (already loaded).
Package: letltxmacro 2016/05/16 v1.5 Let assignment for LaTeX macros (HO)
Package: hopatch 2016/05/16 v1.3 Wrapper for package hooks (HO)
Package: xcolor-patch 2016/05/16 xcolor patch
Package: atveryend 2016/05/16 v1.9 Hooks at the very end of document (HO)
Package: atbegshi 2016/06/09 v1.18 At begin shipout hook (HO)
Package: refcount 2016/05/16 v3.5 Data extraction from label references (HO)
Package: hycolor 2016/05/16 v1.8 Color options for hyperref/bookmark (HO)
) ("C:\Program Files\MiKTeX 2.9\tex/latex/oberdiek\auxhook.sty"
Package: auxhook 2016/05/16 v1.4 Hooks for auxiliary files (HO)
)
\@linkdim=\dimen148
\Hy@linkcounter=\count274
\Hy@pagecounter=\count275
("C:\Program Files\MiKTeX 2.9\tex/latex/hyperref\pd1enc.def"
File: pd1enc.def 2018/11/30 v6.88e Hyperref: PDFDocEncoding definition (HO)
)
\Hy@SavedSpaceFactor=\count276
("C:\Program Files\MiKTeX 2.9\tex/latex/00miktex\hyperref.cfg"
File: hyperref.cfg 2002/06/06 v1.2 hyperref configuration of TeXLive
)
Package hyperref Info: Option `unicode' set `true' on input line 4393.
("C:\Program Files\MiKTeX 2.9\tex/latex/hyperref\puenc.def"
File: puenc.def 2018/11/30 v6.88e Hyperref: PDF Unicode definition (HO)
)
Package hyperref Info: Hyper figures OFF on input line 4519.
Package hyperref Info: Link nesting OFF on input line 4524.
Package hyperref Info: Hyper index ON on input line 4527.
Package hyperref Info: Plain pages OFF on input line 4534.
Package hyperref Info: Backreferencing OFF on input line 4539.
Package hyperref Info: Implicit mode ON; LaTeX internals redefined.
Package hyperref Info: Bookmarks ON on input line 4772.
\c@Hy@tempcnt=\count277
LaTeX Info: Redefining \url on input line 5125.
\XeTeXLinkMargin=\dimen149
\Fld@menulength=\count278
\Field@Width=\dimen150
\Fld@charsize=\dimen151
Package hyperref Info: Hyper figures OFF on input line 6380.
Package hyperref Info: Link nesting OFF on input line 6385.
Package hyperref Info: Hyper index ON on input line 6388.
Package hyperref Info: backreferencing OFF on input line 6395.
Package hyperref Info: Link coloring OFF on input line 6400.
Package hyperref Info: Link coloring with OCG OFF on input line 6405.
Package hyperref Info: PDF/A mode OFF on input line 6410.
LaTeX Info: Redefining \ref on input line 6450.
LaTeX Info: Redefining \pageref on input line 6454.
\Hy@abspage=\count279
\c@Item=\count280
\c@Hfootnote=\count281
)
Package hyperref Info: Driver (autodetected): hxetex.
("C:\Program Files\MiKTeX 2.9\tex/latex/hyperref\hxetex.def"
File: hxetex.def 2018/11/30 v6.88e Hyperref driver for XeTeX
("C:\Program Files\MiKTeX 2.9\tex/generic/oberdiek\stringenc.sty"
Package: stringenc 2016/05/16 v1.11 Convert strings between diff. encodings (HO
)
)
\pdfm@box=\box48
\c@Hy@AnnotLevel=\count282
\HyField@AnnotCount=\count283
\Fld@listcount=\count284
\c@bookmark@seq@number=\count285
("C:\Program Files\MiKTeX 2.9\tex/latex/oberdiek\rerunfilecheck.sty"
Package: rerunfilecheck 2016/05/16 v1.8 Rerun checks for auxiliary files (HO)
Package uniquecounter Info: New unique counter `rerunfilecheck' on input line 2
82.
)
\Hy@SectionHShift=\skip52
) ("C:\Program Files\MiKTeX 2.9\tex/latex/oberdiek\bkm-dvipdfm.def"
File: bkm-dvipdfm.def 2016/05/17 v1.26 bookmark driver for dvipdfm (HO)
\BKM@id=\count286
)) ("C:\Program Files\MiKTeX 2.9\tex/latex/geometry\geometry.sty"
Package: geometry 2018/04/16 v5.8 Page Geometry
\Gm@cnth=\count287
\Gm@cntv=\count288
\c@Gm@tempcnt=\count289
\Gm@bindingoffset=\dimen152
\Gm@wd@mp=\dimen153
\Gm@odd@mp=\dimen154
\Gm@even@mp=\dimen155
\Gm@layoutwidth=\dimen156
\Gm@layoutheight=\dimen157
\Gm@layouthoffset=\dimen158
\Gm@layoutvoffset=\dimen159
\Gm@dimlist=\toks21
("C:\Program Files\MiKTeX 2.9\tex/xelatex/xetexconfig\geometry.cfg")) ("C:\Prog
ram Files\MiKTeX 2.9\tex/latex/fancyvrb\fancyvrb.sty"
Package: fancyvrb 2019/01/15
Style option: `fancyvrb' v3.2a <2019/01/15> (tvz)
\FV@CodeLineNo=\count290
\FV@InFile=\read2
\FV@TabBox=\box49
\c@FancyVerbLine=\count291
\FV@StepNumber=\count292
\FV@OutFile=\write3
) ("C:\Program Files\MiKTeX 2.9\tex/latex/framed\framed.sty"
Package: framed 2011/10/22 v 0.96: framed or shaded text with page breaks
\OuterFrameSep=\skip53
\fb@frw=\dimen160
\fb@frh=\dimen161
\FrameRule=\dimen162
\FrameSep=\dimen163
) ("C:\Program Files\MiKTeX 2.9\tex/latex/tools\longtable.sty"
Package: longtable 2014/10/28 v4.11 Multi-page Table package (DPC)+ FMi change
\LTleft=\skip54
\LTright=\skip55
\LTpre=\skip56
\LTpost=\skip57
\LTchunksize=\count293
\LTcapwidth=\dimen164
\LT@head=\box50
\LT@firsthead=\box51
\LT@foot=\box52
\LT@lastfoot=\box53
\LT@cols=\count294
\LT@rows=\count295
\c@LT@tables=\count296
\c@LT@chunks=\count297
\LT@p@ftn=\toks22
) ("C:\Program Files\MiKTeX 2.9\tex/latex/booktabs\booktabs.sty"
Package: booktabs 2005/04/14 v1.61803 publication quality tables
\heavyrulewidth=\dimen165
\lightrulewidth=\dimen166
\cmidrulewidth=\dimen167
\belowrulesep=\dimen168
\belowbottomsep=\dimen169
\aboverulesep=\dimen170
\abovetopsep=\dimen171
\cmidrulesep=\dimen172
\cmidrulekern=\dimen173
\defaultaddspace=\dimen174
\@cmidla=\count298
\@cmidlb=\count299
\@aboverulesep=\dimen175
\@belowrulesep=\dimen176
\@thisruleclass=\count300
\@lastruleclass=\count301
\@thisrulewidth=\dimen177
) ("C:\Program Files\MiKTeX 2.9\tex/latex/tools\array.sty"
Package: array 2018/12/30 v2.4k Tabular extension package (FMi)
\col@sep=\dimen178
\ar@mcellbox=\box54
\extrarowheight=\dimen179
\NC@list=\toks23
\extratabsurround=\skip58
\backup@length=\skip59
\ar@cellbox=\box55
) ("C:\Program Files\MiKTeX 2.9\tex/latex/tools\calc.sty"
Package: calc 2017/05/25 v4.3 Infix arithmetic (KKT,FJ)
\calc@Acount=\count302
\calc@Bcount=\count303
\calc@Adimen=\dimen180
\calc@Bdimen=\dimen181
\calc@Askip=\skip60
\calc@Bskip=\skip61
LaTeX Info: Redefining \setlength on input line 80.
LaTeX Info: Redefining \addtolength on input line 81.
\calc@Ccount=\count304
\calc@Cskip=\skip62
) ("C:\Program Files\MiKTeX 2.9\tex/latex/footnotehyper\footnotehyper.sty"
Package: footnotehyper 2018/01/23 v1.1 hyperref aware footnote.sty (JFB)
\FNH@notes=\box56
\FNH@width=\dimen182
) ("C:\Program Files\MiKTeX 2.9\tex/latex/graphics\graphicx.sty"
Package: graphicx 2017/06/01 v1.1a Enhanced LaTeX Graphics (DPC,SPQR)
("C:\Program Files\MiKTeX 2.9\tex/latex/graphics\graphics.sty"
Package: graphics 2017/06/25 v1.2c Standard LaTeX Graphics (DPC,SPQR)
("C:\Program Files\MiKTeX 2.9\tex/latex/graphics\trig.sty"
Package: trig 2016/01/03 v1.10 sin cos tan (DPC)
) ("C:\Program Files\MiKTeX 2.9\tex/latex/graphics-cfg\graphics.cfg"
File: graphics.cfg 2016/06/04 v1.11 sample graphics configuration
)
Package graphics Info: Driver file: xetex.def on input line 99.
)
\Gin@req@height=\dimen183
\Gin@req@width=\dimen184
) ("C:\Program Files\MiKTeX 2.9\tex/latex/placeins\placeins.sty"
Package: placeins 2005/04/18  v 2.2
) ("C:\Program Files\MiKTeX 2.9\tex/latex/setspace\setspace.sty"
Package: setspace 2011/12/19 v6.7a set line spacing
) ("C:\Program Files\MiKTeX 2.9\tex/latex/chngcntr\chngcntr.sty"
Package: chngcntr 2018/04/09 v1.1a change counter resetting
Package chngcntr Info: \counterwithout already defined.
(chngcntr)             Quitting chngcntr on input line 21.
) ("C:\Program Files\MiKTeX 2.9\tex/latex/tocbibind\tocbibind.sty"
Package: tocbibind 2010/10/13 v1.5k extra ToC listings
Package tocbibind Info: The document has section divisions on input line 50.

Package tocbibind Note: Using section or other style headings.

) ("C:\Program Files\MiKTeX 2.9\tex/latex/fontawesome5\fontawesome5.sty"
Package: fontawesome5 2019/06/07 v5.9.0 Font Awesome 5

("C:\Program Files\MiKTeX 2.9\tex/latex/fontawesome5\fontawesome5-utex-helper.s
ty"
Package: fontawesome5-utex-helper 2019/06/07 v5.9.0 uTeX helper for fontawesome
5
LaTeX Font Info:    Try loading font information for TU+fontawesomefree on inpu
t line 69.
("C:\Program Files\MiKTeX 2.9\tex/latex/fontawesome5\tufontawesomefree.fd")
LaTeX Font Info:    Try loading font information for TU+fontawesomebrands on in
put line 70.
("C:\Program Files\MiKTeX 2.9\tex/latex/fontawesome5\tufontawesomebrands.fd")))
("C:\Program Files\MiKTeX 2.9\tex/latex/natbib\natbib.sty"
Package: natbib 2010/09/13 8.31b (PWD, AO)
\bibhang=\skip63
\bibsep=\skip64
LaTeX Info: Redefining \cite on input line 694.
\c@NAT@ctr=\count305
) (Tectutorial.aux)
\openout1 = `Tectutorial.aux'.

LaTeX Font Info:    Checking defaults for OML/cmm/m/it on input line 136.
LaTeX Font Info:    ... okay on input line 136.
LaTeX Font Info:    Checking defaults for T1/cmr/m/n on input line 136.
LaTeX Font Info:    ... okay on input line 136.
LaTeX Font Info:    Checking defaults for OT1/cmr/m/n on input line 136.
LaTeX Font Info:    ... okay on input line 136.
LaTeX Font Info:    Checking defaults for OMS/cmsy/m/n on input line 136.
LaTeX Font Info:    ... okay on input line 136.
LaTeX Font Info:    Checking defaults for TU/lmr/m/n on input line 136.
LaTeX Font Info:    ... okay on input line 136.
LaTeX Font Info:    Checking defaults for OMX/cmex/m/n on input line 136.
LaTeX Font Info:    ... okay on input line 136.
LaTeX Font Info:    Checking defaults for U/cmr/m/n on input line 136.
LaTeX Font Info:    ... okay on input line 136.
LaTeX Font Info:    Checking defaults for TS1/cmr/m/n on input line 136.
LaTeX Font Info:    ... okay on input line 136.
LaTeX Font Info:    Checking defaults for PD1/pdf/m/n on input line 136.
LaTeX Font Info:    ... okay on input line 136.
LaTeX Font Info:    Checking defaults for PU/pdf/m/n on input line 136.
LaTeX Font Info:    ... okay on input line 136.
LaTeX Font Info:    Overwriting math alphabet `\mathrm' in version `normal'
(Font)                  OT1/lmr/m/n --> TU/lmr/m/n on input line 136.
LaTeX Font Info:    Overwriting math alphabet `\mathit' in version `normal'
(Font)                  OT1/lmr/m/it --> TU/lmr/m/it on input line 136.
LaTeX Font Info:    Overwriting math alphabet `\mathbf' in version `normal'
(Font)                  OT1/lmr/bx/n --> TU/lmr/bx/n on input line 136.
LaTeX Font Info:    Overwriting math alphabet `\mathsf' in version `normal'
(Font)                  OT1/lmss/m/n --> TU/lmss/m/n on input line 136.
LaTeX Font Info:    Overwriting math alphabet `\mathsf' in version `bold'
(Font)                  OT1/lmss/bx/n --> TU/lmss/bx/n on input line 136.
LaTeX Font Info:    Overwriting math alphabet `\mathtt' in version `normal'
(Font)                  OT1/lmtt/m/n --> TU/lmtt/m/n on input line 136.
LaTeX Font Info:    Overwriting math alphabet `\mathtt' in version `bold'
(Font)                  OT1/lmtt/m/n --> TU/lmtt/bx/n on input line 136.

Package fontspec Info: latinmodern-math scale = 1.


Package fontspec Info: latinmodern-math scale = 1.


Package fontspec Info: latinmodern-math scale = 1.


Package fontspec Info: Font family 'latinmodern-math.otf(0)' created for font
(fontspec)             'latinmodern-math.otf' with options
(fontspec)             [Scale=MatchLowercase,BoldItalicFont={},ItalicFont={},Sm
allCapsFont={},Script=Math,BoldFont={latinmodern-math.otf}].
(fontspec)              
(fontspec)              This font family consists of the following NFSS
(fontspec)             series/shapes:
(fontspec)              
(fontspec)             - 'normal' (m/n) with NFSS spec.:
(fontspec)             <->s*[1]"[latinmodern-math.otf]/OT:script=math;language=
DFLT;"
(fontspec)             - 'small caps'  (m/sc) with NFSS spec.: 
(fontspec)             - 'bold' (bx/n) with NFSS spec.:
(fontspec)             <->s*[1]"[latinmodern-math.otf]/OT:script=math;language=
DFLT;"
(fontspec)             - 'bold small caps'  (bx/sc) with NFSS spec.: 

LaTeX Font Info:    Font shape `TU/latinmodern-math.otf(0)/m/n' will be
(Font)              scaled to size 12.0pt on input line 136.

Package fontspec Info: latinmodern-math scale = 1.


Package fontspec Info: latinmodern-math scale = 1.


Package fontspec Info: latinmodern-math scale = 1.


Package fontspec Info: latinmodern-math scale = 1.


Package fontspec Info: latinmodern-math scale = 1.


Package fontspec Info: Font family 'latinmodern-math.otf(1)' created for font
(fontspec)             'latinmodern-math.otf' with options
(fontspec)             [Scale=MatchLowercase,BoldItalicFont={},ItalicFont={},Sm
allCapsFont={},Script=Math,SizeFeatures={{Size=10.2-},{Size=7.2-10.2,Font=latin
modern-math.otf,Style=MathScript},{Size=-7.2,Font=latinmodern-math.otf,Style=Ma
thScriptScript}},BoldFont={latinmodern-math.otf}].
(fontspec)              
(fontspec)              This font family consists of the following NFSS
(fontspec)             series/shapes:
(fontspec)              
(fontspec)             - 'normal' (m/n) with NFSS spec.:
(fontspec)             <10.2->s*[1]"[latinmodern-math.otf]/OT:script=math;langu
age=DFLT;"<7.2-10.2>s*[1]"[latinmodern-math.otf]/OT:script=math;language=DFLT;+
ssty=0;"<-7.2>s*[1]"[latinmodern-math.otf]/OT:script=math;language=DFLT;+ssty=1
;"
(fontspec)             - 'small caps'  (m/sc) with NFSS spec.: 
(fontspec)             - 'bold' (bx/n) with NFSS spec.:
(fontspec)             <->s*[1]"[latinmodern-math.otf]/OT:script=math;language=
DFLT;"
(fontspec)             - 'bold small caps'  (bx/sc) with NFSS spec.: 

LaTeX Font Info:    Font shape `TU/latinmodern-math.otf(1)/m/n' will be
(Font)              scaled to size 12.0pt on input line 136.
LaTeX Font Info:    Encoding `OT1' has changed to `TU' for symbol font
(Font)              `operators' in the math version `normal' on input line 136.

LaTeX Font Info:    Overwriting symbol font `operators' in version `normal'
(Font)                  OT1/lmr/m/n --> TU/latinmodern-math.otf(1)/m/n on input
 line 136.
LaTeX Font Info:    Encoding `OT1' has changed to `TU' for symbol font
(Font)              `operators' in the math version `bold' on input line 136.
LaTeX Font Info:    Overwriting symbol font `operators' in version `bold'
(Font)                  OT1/lmr/bx/n --> TU/latinmodern-math.otf(1)/bx/n on inp
ut line 136.

Package fontspec Info: latinmodern-math scale = 1.


Package fontspec Info: latinmodern-math scale = 1.0001.


Package fontspec Info: latinmodern-math scale = 1.


Package fontspec Info: latinmodern-math scale = 1.0001.


Package fontspec Info: latinmodern-math scale = 1.


Package fontspec Info: latinmodern-math scale = 1.0001.


Package fontspec Info: latinmodern-math scale = 1.


Package fontspec Info: latinmodern-math scale = 1.0001.


Package fontspec Info: latinmodern-math scale = 1.


Package fontspec Info: latinmodern-math scale = 1.0001.


Package fontspec Info: Font family 'latinmodern-math.otf(2)' created for font
(fontspec)             'latinmodern-math.otf' with options
(fontspec)             [Scale=MatchLowercase,BoldItalicFont={},ItalicFont={},Sm
allCapsFont={},Script=Math,SizeFeatures={{Size=10.2-},{Size=7.2-10.2,Font=latin
modern-math.otf,Style=MathScript},{Size=-7.2,Font=latinmodern-math.otf,Style=Ma
thScriptScript}},BoldFont={latinmodern-math.otf},ScaleAgain=1.0001,FontAdjustme
nt={\fontdimen
(fontspec)             8\font =8.124pt\relax \fontdimen 9\font =4.728pt\relax
(fontspec)             \fontdimen 10\font =5.328pt\relax \fontdimen 11\font
(fontspec)             =8.232pt\relax \fontdimen 12\font =4.14pt\relax
(fontspec)             \fontdimen 13\font =4.356pt\relax \fontdimen 14\font
(fontspec)             =4.356pt\relax \fontdimen 15\font =3.468pt\relax
(fontspec)             \fontdimen 16\font =2.964pt\relax \fontdimen 17\font
(fontspec)             =2.964pt\relax \fontdimen 18\font =3.0pt\relax
(fontspec)             \fontdimen 19\font =2.4pt\relax \fontdimen 22\font
(fontspec)             =3.0pt\relax \fontdimen 20\font =0pt\relax \fontdimen
(fontspec)             21\font =0pt\relax }].
(fontspec)              
(fontspec)              This font family consists of the following NFSS
(fontspec)             series/shapes:
(fontspec)              
(fontspec)             - 'normal' (m/n) with NFSS spec.:
(fontspec)             <10.2->s*[1.0001]"[latinmodern-math.otf]/OT:script=math;
language=DFLT;"<7.2-10.2>s*[1.0001]"[latinmodern-math.otf]/OT:script=math;langu
age=DFLT;+ssty=0;"<-7.2>s*[1.0001]"[latinmodern-math.otf]/OT:script=math;langua
ge=DFLT;+ssty=1;"
(fontspec)             - 'small caps'  (m/sc) with NFSS spec.: 
(fontspec)             and font adjustment code:
(fontspec)             \fontdimen 8\font =8.124pt\relax \fontdimen 9\font
(fontspec)             =4.728pt\relax \fontdimen 10\font =5.328pt\relax
(fontspec)             \fontdimen 11\font =8.232pt\relax \fontdimen 12\font
(fontspec)             =4.14pt\relax \fontdimen 13\font =4.356pt\relax
(fontspec)             \fontdimen 14\font =4.356pt\relax \fontdimen 15\font
(fontspec)             =3.468pt\relax \fontdimen 16\font =2.964pt\relax
(fontspec)             \fontdimen 17\font =2.964pt\relax \fontdimen 18\font
(fontspec)             =3.0pt\relax \fontdimen 19\font =2.4pt\relax \fontdimen
(fontspec)             22\font =3.0pt\relax \fontdimen 20\font =0pt\relax
(fontspec)             \fontdimen 21\font =0pt\relax 
(fontspec)             - 'bold' (bx/n) with NFSS spec.:
(fontspec)             <->s*[1.0001]"[latinmodern-math.otf]/OT:script=math;lang
uage=DFLT;"
(fontspec)             - 'bold small caps'  (bx/sc) with NFSS spec.: 
(fontspec)             and font adjustment code:
(fontspec)             \fontdimen 8\font =8.124pt\relax \fontdimen 9\font
(fontspec)             =4.728pt\relax \fontdimen 10\font =5.328pt\relax
(fontspec)             \fontdimen 11\font =8.232pt\relax \fontdimen 12\font
(fontspec)             =4.14pt\relax \fontdimen 13\font =4.356pt\relax
(fontspec)             \fontdimen 14\font =4.356pt\relax \fontdimen 15\font
(fontspec)             =3.468pt\relax \fontdimen 16\font =2.964pt\relax
(fontspec)             \fontdimen 17\font =2.964pt\relax \fontdimen 18\font
(fontspec)             =3.0pt\relax \fontdimen 19\font =2.4pt\relax \fontdimen
(fontspec)             22\font =3.0pt\relax \fontdimen 20\font =0pt\relax
(fontspec)             \fontdimen 21\font =0pt\relax 

LaTeX Font Info:    Encoding `OMS' has changed to `TU' for symbol font
(Font)              `symbols' in the math version `normal' on input line 136.
LaTeX Font Info:    Overwriting symbol font `symbols' in version `normal'
(Font)                  OMS/lmsy/m/n --> TU/latinmodern-math.otf(2)/m/n on inpu
t line 136.
LaTeX Font Info:    Encoding `OMS' has changed to `TU' for symbol font
(Font)              `symbols' in the math version `bold' on input line 136.
LaTeX Font Info:    Overwriting symbol font `symbols' in version `bold'
(Font)                  OMS/lmsy/b/n --> TU/latinmodern-math.otf(2)/bx/n on inp
ut line 136.

Package fontspec Info: latinmodern-math scale = 1.


Package fontspec Info: latinmodern-math scale = 0.9999.


Package fontspec Info: latinmodern-math scale = 1.


Package fontspec Info: latinmodern-math scale = 0.9999.


Package fontspec Info: latinmodern-math scale = 1.


Package fontspec Info: latinmodern-math scale = 0.9999.


Package fontspec Info: latinmodern-math scale = 1.


Package fontspec Info: latinmodern-math scale = 0.9999.


Package fontspec Info: latinmodern-math scale = 1.


Package fontspec Info: latinmodern-math scale = 0.9999.


Package fontspec Info: Font family 'latinmodern-math.otf(3)' created for font
(fontspec)             'latinmodern-math.otf' with options
(fontspec)             [Scale=MatchLowercase,BoldItalicFont={},ItalicFont={},Sm
allCapsFont={},Script=Math,SizeFeatures={{Size=10.2-},{Size=7.2-10.2,Font=latin
modern-math.otf,Style=MathScript},{Size=-7.2,Font=latinmodern-math.otf,Style=Ma
thScriptScript}},BoldFont={latinmodern-math.otf},ScaleAgain=0.9999,FontAdjustme
nt={\fontdimen
(fontspec)             8\font =0.48pt\relax \fontdimen 9\font =2.4pt\relax
(fontspec)             \fontdimen 10\font =2.004pt\relax \fontdimen 11\font
(fontspec)             =1.332pt\relax \fontdimen 12\font =7.2pt\relax
(fontspec)             \fontdimen 13\font =0pt\relax }].
(fontspec)              
(fontspec)              This font family consists of the following NFSS
(fontspec)             series/shapes:
(fontspec)              
(fontspec)             - 'normal' (m/n) with NFSS spec.:
(fontspec)             <10.2->s*[0.9999]"[latinmodern-math.otf]/OT:script=math;
language=DFLT;"<7.2-10.2>s*[0.9999]"[latinmodern-math.otf]/OT:script=math;langu
age=DFLT;+ssty=0;"<-7.2>s*[0.9999]"[latinmodern-math.otf]/OT:script=math;langua
ge=DFLT;+ssty=1;"
(fontspec)             - 'small caps'  (m/sc) with NFSS spec.: 
(fontspec)             and font adjustment code:
(fontspec)             \fontdimen 8\font =0.48pt\relax \fontdimen 9\font
(fontspec)             =2.4pt\relax \fontdimen 10\font =2.004pt\relax
(fontspec)             \fontdimen 11\font =1.332pt\relax \fontdimen 12\font
(fontspec)             =7.2pt\relax \fontdimen 13\font =0pt\relax 
(fontspec)             - 'bold' (bx/n) with NFSS spec.:
(fontspec)             <->s*[0.9999]"[latinmodern-math.otf]/OT:script=math;lang
uage=DFLT;"
(fontspec)             - 'bold small caps'  (bx/sc) with NFSS spec.: 
(fontspec)             and font adjustment code:
(fontspec)             \fontdimen 8\font =0.48pt\relax \fontdimen 9\font
(fontspec)             =2.4pt\relax \fontdimen 10\font =2.004pt\relax
(fontspec)             \fontdimen 11\font =1.332pt\relax \fontdimen 12\font
(fontspec)             =7.2pt\relax \fontdimen 13\font =0pt\relax 

LaTeX Font Info:    Encoding `OMX' has changed to `TU' for symbol font
(Font)              `largesymbols' in the math version `normal' on input line 1
36.
LaTeX Font Info:    Overwriting symbol font `largesymbols' in version `normal'
(Font)                  OMX/lmex/m/n --> TU/latinmodern-math.otf(3)/m/n on inpu
t line 136.
LaTeX Font Info:    Encoding `OMX' has changed to `TU' for symbol font
(Font)              `largesymbols' in the math version `bold' on input line 136
.
LaTeX Font Info:    Overwriting symbol font `largesymbols' in version `bold'
(Font)                  OMX/lmex/m/n --> TU/latinmodern-math.otf(3)/bx/n on inp
ut line 136.
LaTeX Info: Redefining \microtypecontext on input line 136.
Package microtype Info: Character protrusion enabled (level 2).
Package microtype Info: Using protrusion set `basicmath'.
Package microtype Info: No adjustment of tracking.
Package microtype Info: No adjustment of spacing.
Package microtype Info: No adjustment of kerning.
("C:\Program Files\MiKTeX 2.9\tex/latex/microtype\mt-LatinModernRoman.cfg"
File: mt-LatinModernRoman.cfg 2013/03/13 v1.0 microtype config. file: Latin Mod
ern Roman (RS)
)
\AtBeginShipoutBox=\box57
Package hyperref Info: Link coloring OFF on input line 136.
("C:\Program Files\MiKTeX 2.9\tex/latex/hyperref\nameref.sty"
Package: nameref 2016/05/21 v2.44 Cross-referencing by name of section
("C:\Program Files\MiKTeX 2.9\tex/generic/oberdiek\gettitlestring.sty"
Package: gettitlestring 2016/05/16 v1.5 Cleanup title references (HO)
)
\c@section@level=\count306
)
LaTeX Info: Redefining \ref on input line 136.
LaTeX Info: Redefining \pageref on input line 136.
LaTeX Info: Redefining \nameref on input line 136.
*geometry* detected driver: pdftex
*geometry* verbose mode - [ preamble ] result:
* driver: pdftex
* paper: <default>
* layout: <same size as paper>
* layoutoffset:(h,v)=(0.0pt,0.0pt)
* modes: 
* h-part:(L,W,R)=(72.26999pt, 469.75502pt, 72.26999pt)
* v-part:(T,H,B)=(72.26999pt, 650.43001pt, 72.26999pt)
* \paperwidth=614.295pt
* \paperheight=794.96999pt
* \textwidth=469.75502pt
* \textheight=650.43001pt
* \oddsidemargin=0.0pt
* \evensidemargin=0.0pt
* \topmargin=-37.0pt
* \headheight=12.0pt
* \headsep=25.0pt
* \topskip=12.0pt
* \footskip=30.0pt
* \marginparwidth=44.0pt
* \marginparsep=10.0pt
* \columnsep=10.0pt
* \skip\footins=10.8pt plus 4.0pt minus 2.0pt
* \hoffset=0.0pt
* \voffset=0.0pt
* \mag=1000
* \@twocolumnfalse
* \@twosidefalse
* \@mparswitchfalse
* \@reversemarginfalse
* (1in=72.27pt=25.4mm, 1cm=28.453pt)

LaTeX Font Info:    Font shape `TU/latinmodern-math.otf(1)/m/n' will be
(Font)              scaled to size 14.4pt on input line 138.
LaTeX Font Info:    Font shape `TU/latinmodern-math.otf(1)/m/n' will be
(Font)              scaled to size 10.0pt on input line 138.
LaTeX Font Info:    Font shape `TU/latinmodern-math.otf(1)/m/n' will be
(Font)              scaled to size 7.0pt on input line 138.
LaTeX Font Info:    Try loading font information for OML+lmm on input line 138.

("C:\Program Files\MiKTeX 2.9\tex/latex/lm\omllmm.fd"
File: omllmm.fd 2009/10/30 v1.6 Font defs for Latin Modern
)
LaTeX Font Info:    Font shape `TU/latinmodern-math.otf(2)/m/n' will be
(Font)              scaled to size 14.40152pt on input line 138.
LaTeX Font Info:    Font shape `TU/latinmodern-math.otf(2)/m/n' will be
(Font)              scaled to size 10.00107pt on input line 138.
LaTeX Font Info:    Font shape `TU/latinmodern-math.otf(2)/m/n' will be
(Font)              scaled to size 7.00075pt on input line 138.
LaTeX Font Info:    Font shape `TU/latinmodern-math.otf(3)/m/n' will be
(Font)              scaled to size 14.39845pt on input line 138.
LaTeX Font Info:    Font shape `TU/latinmodern-math.otf(3)/m/n' will be
(Font)              scaled to size 9.99893pt on input line 138.
LaTeX Font Info:    Font shape `TU/latinmodern-math.otf(3)/m/n' will be
(Font)              scaled to size 6.99925pt on input line 138.
LaTeX Font Info:    Try loading font information for U+msa on input line 138.
("C:\Program Files\MiKTeX 2.9\tex/latex/amsfonts\umsa.fd"
File: umsa.fd 2013/01/14 v3.01 AMS symbols A
) ("C:\Program Files\MiKTeX 2.9\tex/latex/microtype\mt-msa.cfg"
File: mt-msa.cfg 2006/02/04 v1.1 microtype config. file: AMS symbols (a) (RS)
)
LaTeX Font Info:    Try loading font information for U+msb on input line 138.
("C:\Program Files\MiKTeX 2.9\tex/latex/amsfonts\umsb.fd"
File: umsb.fd 2013/01/14 v3.01 AMS symbols B
) ("C:\Program Files\MiKTeX 2.9\tex/latex/microtype\mt-msb.cfg"
File: mt-msb.cfg 2005/06/01 v1.0 microtype config. file: AMS symbols (b) (RS)
) [1

] (Tectutorial.toc
LaTeX Font Info:    Font shape `TU/latinmodern-math.otf(1)/m/n' will be
(Font)              scaled to size 8.4pt on input line 2.
LaTeX Font Info:    Font shape `TU/latinmodern-math.otf(1)/m/n' will be
(Font)              scaled to size 6.0pt on input line 2.
LaTeX Font Info:    Font shape `TU/latinmodern-math.otf(2)/m/n' will be
(Font)              scaled to size 12.00128pt on input line 2.
LaTeX Font Info:    Font shape `TU/latinmodern-math.otf(2)/m/n' will be
(Font)              scaled to size 8.40088pt on input line 2.
LaTeX Font Info:    Font shape `TU/latinmodern-math.otf(2)/m/n' will be
(Font)              scaled to size 6.00064pt on input line 2.
LaTeX Font Info:    Font shape `TU/latinmodern-math.otf(3)/m/n' will be
(Font)              scaled to size 11.99872pt on input line 2.
LaTeX Font Info:    Font shape `TU/latinmodern-math.otf(3)/m/n' will be
(Font)              scaled to size 8.3991pt on input line 2.
LaTeX Font Info:    Font shape `TU/latinmodern-math.otf(3)/m/n' will be
(Font)              scaled to size 5.99936pt on input line 2.
[2])
\tf@toc=\write4
\openout4 = `Tectutorial.toc'.

[3] [4] [5]
LaTeX Font Info:    Font shape `TU/latinmodern-math.otf(1)/m/n' will be
(Font)              scaled to size 5.0pt on input line 311.
LaTeX Font Info:    Font shape `TU/latinmodern-math.otf(2)/m/n' will be
(Font)              scaled to size 5.00053pt on input line 311.
LaTeX Font Info:    Font shape `TU/latinmodern-math.otf(3)/m/n' will be
(Font)              scaled to size 4.99947pt on input line 311.
[6] [7] [8] [9] [10] [11] [12] [13]
Overfull \hbox (30.82452pt too wide) in paragraph at lines 805--805
[]\TU/lmtt/m/n/12 ##                                                       Metr
ic Units      Amount[] 
 []


Overfull \hbox (30.8248pt too wide) in paragraph at lines 805--805
[]\TU/lmtt/m/n/12 ## 1               Cash and Cash Equivalents, at Carrying Val
ue   usd  4315000000[] 
 []


Overfull \hbox (30.81279pt too wide) in paragraph at lines 805--805
[]\TU/lmtt/m/n/12 ## 2               Cash and Cash Equivalents, at Carrying Val
ue   usd  4907000000[] 
 []


Overfull \hbox (30.81279pt too wide) in paragraph at lines 805--805
[]\TU/lmtt/m/n/12 ## 3               Cash and Cash Equivalents, at Carrying Val
ue   usd  8903000000[] 
 []


Overfull \hbox (30.81279pt too wide) in paragraph at lines 805--805
[]\TU/lmtt/m/n/12 ## 4               Cash and Cash Equivalents, at Carrying Val
ue   usd  8079000000[] 
 []


Overfull \hbox (30.81271pt too wide) in paragraph at lines 805--805
[]\TU/lmtt/m/n/12 ## 5                             Marketable Securities, Curre
nt   usd 20546000000[] 
 []


Overfull \hbox (30.80072pt too wide) in paragraph at lines 805--805
[]\TU/lmtt/m/n/12 ## 6                             Marketable Securities, Curre
nt   usd 33632000000[] 
 []


Overfull \hbox (30.80072pt too wide) in paragraph at lines 805--805
[]\TU/lmtt/m/n/12 ## 7                          Accounts Receivable, Net, Curre
nt   usd  3993000000[] 
 []


Overfull \hbox (30.82472pt too wide) in paragraph at lines 805--805
[]\TU/lmtt/m/n/12 ## 8                          Accounts Receivable, Net, Curre
nt   usd  5832000000[] 
 []


Overfull \hbox (30.78876pt too wide) in paragraph at lines 805--805
[]\TU/lmtt/m/n/12 ## 9                  Prepaid Expense and Other Assets, Curre
nt   usd   959000000[] 
 []


Overfull \hbox (30.82477pt too wide) in paragraph at lines 805--805
[]\TU/lmtt/m/n/12 ## 10                 Prepaid Expense and Other Assets, Curre
nt   usd  1020000000[] 
 []


Overfull \hbox (30.82463pt too wide) in paragraph at lines 805--805
[]\TU/lmtt/m/n/12 ## 11                                           Assets, Curre
nt   usd 34401000000[] 
 []


Overfull \hbox (30.81262pt too wide) in paragraph at lines 805--805
[]\TU/lmtt/m/n/12 ## 12                                           Assets, Curre
nt   usd 48563000000[] 
 []


Overfull \hbox (30.81273pt too wide) in paragraph at lines 805--805
[]\TU/lmtt/m/n/12 ## 13                        Property, Plant and Equipment, N
et   usd  8591000000[] 
 []


Overfull \hbox (30.82475pt too wide) in paragraph at lines 805--805
[]\TU/lmtt/m/n/12 ## 14                        Property, Plant and Equipment, N
et   usd 13721000000[] 
 []


Overfull \hbox (30.82481pt too wide) in paragraph at lines 805--805
[]\TU/lmtt/m/n/12 ## 15               Intangible Assets, Net (Excluding Goodwil
l)   usd  2535000000[] 
 []


Overfull \hbox (30.81282pt too wide) in paragraph at lines 805--805
[]\TU/lmtt/m/n/12 ## 16               Intangible Assets, Net (Excluding Goodwil
l)   usd  1884000000[] 
 []


Overfull \hbox (30.81259pt too wide) in paragraph at lines 805--805
[]\TU/lmtt/m/n/12 ## 17                                                  Goodwi
ll   usd 18026000000[] 
 []


Overfull \hbox (30.8246pt too wide) in paragraph at lines 805--805
[]\TU/lmtt/m/n/12 ## 18                                                  Goodwi
ll   usd 18122000000[] 
 []


Overfull \hbox (30.8126pt too wide) in paragraph at lines 805--805
[]\TU/lmtt/m/n/12 ## 19                                                  Goodwi
ll   usd 18221000000[] 
 []


Overfull \hbox (30.82468pt too wide) in paragraph at lines 805--805
[]\TU/lmtt/m/n/12 ## 20                                  Other Assets, Noncurre
nt   usd  1312000000[] 
 []

[14]
Overfull \hbox (30.82468pt too wide) in paragraph at lines 805--805
[]\TU/lmtt/m/n/12 ## 21                                  Other Assets, Noncurre
nt   usd  2135000000[] 
 []


Overfull \hbox (30.78857pt too wide) in paragraph at lines 805--805
[]\TU/lmtt/m/n/12 ## 22                                                    Asse
ts   usd 64961000000[] 
 []


Overfull \hbox (30.82458pt too wide) in paragraph at lines 805--805
[]\TU/lmtt/m/n/12 ## 23                                                    Asse
ts   usd 84524000000[] 
 []


Overfull \hbox (30.82466pt too wide) in paragraph at lines 805--805
[]\TU/lmtt/m/n/12 ## 24                                 Accounts Payable, Curre
nt   usd   302000000[] 
 []


Overfull \hbox (30.82466pt too wide) in paragraph at lines 805--805
[]\TU/lmtt/m/n/12 ## 25                                 Accounts Payable, Curre
nt   usd   380000000[] 
 []


Overfull \hbox (30.8127pt too wide) in paragraph at lines 805--805
[]\TU/lmtt/m/n/12 ## 26                          Accounts Payable, Other, Curre
nt   usd   280000000[] 
 []


Overfull \hbox (30.8127pt too wide) in paragraph at lines 805--805
[]\TU/lmtt/m/n/12 ## 27                          Accounts Payable, Other, Curre
nt   usd   390000000[] 
 []


Overfull \hbox (30.8247pt too wide) in paragraph at lines 805--805
[]\TU/lmtt/m/n/12 ## 28                              Accrued Liabilities, Curre
nt   usd  2203000000[] 
 []


Overfull \hbox (30.8007pt too wide) in paragraph at lines 805--805
[]\TU/lmtt/m/n/12 ## 29                              Accrued Liabilities, Curre
nt   usd  2892000000[] 
 []


Overfull \hbox (30.81274pt too wide) in paragraph at lines 805--805
[]\TU/lmtt/m/n/12 ## 30                     Deferred Revenue and Credits, Curre
nt   usd    90000000[] 
 []


Overfull \hbox (30.81274pt too wide) in paragraph at lines 805--805
[]\TU/lmtt/m/n/12 ## 31                     Deferred Revenue and Credits, Curre
nt   usd    98000000[] 
 []


Overfull \hbox (30.82466pt too wide) in paragraph at lines 805--805
[]\TU/lmtt/m/n/12 ## 32                                      Liabilities, Curre
nt   usd  2875000000[] 
 []


Overfull \hbox (30.81265pt too wide) in paragraph at lines 805--805
[]\TU/lmtt/m/n/12 ## 33                                      Liabilities, Curre
nt   usd  3760000000[] 
 []


Overfull \hbox (30.81271pt too wide) in paragraph at lines 805--805
[]\TU/lmtt/m/n/12 ## 34                             Other Liabilities, Noncurre
nt   usd  2892000000[] 
 []


Overfull \hbox (30.81271pt too wide) in paragraph at lines 805--805
[]\TU/lmtt/m/n/12 ## 35                             Other Liabilities, Noncurre
nt   usd  6417000000[] 
 []


Overfull \hbox (30.80061pt too wide) in paragraph at lines 805--805
[]\TU/lmtt/m/n/12 ## 36                                               Liabiliti
es   usd  5767000000[] 
 []


Overfull \hbox (30.82463pt too wide) in paragraph at lines 805--805
[]\TU/lmtt/m/n/12 ## 37                                               Liabiliti
es   usd 10177000000[] 
 []


Overfull \hbox (30.82469pt too wide) in paragraph at lines 805--805
[]\TU/lmtt/m/n/12 ## 38                             Commitments and Contingenci
es   usd        <NA>[] 
 []


Overfull \hbox (30.8127pt too wide) in paragraph at lines 805--805
[]\TU/lmtt/m/n/12 ## 39                             Commitments and Contingenci
es   usd        <NA>[] 
 []


Overfull \hbox (30.8246pt too wide) in paragraph at lines 805--805
[]\TU/lmtt/m/n/12 ## 40                               Common Stock, Value, Issu
ed   usd           0[] 
 []


Overfull \hbox (30.8246pt too wide) in paragraph at lines 805--805
[]\TU/lmtt/m/n/12 ## 41                               Common Stock, Value, Issu
ed   usd           0[] 
 []


Overfull \hbox (30.8247pt too wide) in paragraph at lines 805--805
[]\TU/lmtt/m/n/12 ## 42                                Additional Paid in Capit
al   usd 38227000000[] 
 []


Overfull \hbox (30.8247pt too wide) in paragraph at lines 805--805
[]\TU/lmtt/m/n/12 ## 43                                Additional Paid in Capit
al   usd 40584000000[] 
 []


Overfull \hbox (30.8249pt too wide) in paragraph at lines 805--805
[]\TU/lmtt/m/n/12 ## 44 Accumulated Other Comprehensive Income (Loss), Net of T
ax   usd  -703000000[] 
 []


Overfull \hbox (30.8249pt too wide) in paragraph at lines 805--805
[]\TU/lmtt/m/n/12 ## 45 Accumulated Other Comprehensive Income (Loss), Net of T
ax   usd  -227000000[] 
 []


Overfull \hbox (30.80081pt too wide) in paragraph at lines 805--805
[]\TU/lmtt/m/n/12 ## 46                   Retained Earnings (Accumulated Defici
t)   usd 21670000000[] 
 []


Overfull \hbox (30.80081pt too wide) in paragraph at lines 805--805
[]\TU/lmtt/m/n/12 ## 47                   Retained Earnings (Accumulated Defici
t)   usd 33990000000[] 
 []


Overfull \hbox (30.78882pt too wide) in paragraph at lines 805--805
[]\TU/lmtt/m/n/12 ## 48               Stockholders[] Equity Attributable to Par
ent   usd 36096000000[] 
 []


Overfull \hbox (30.81284pt too wide) in paragraph at lines 805--805
[]\TU/lmtt/m/n/12 ## 49               Stockholders[] Equity Attributable to Par
ent   usd 44218000000[] 
 []


Overfull \hbox (30.80083pt too wide) in paragraph at lines 805--805
[]\TU/lmtt/m/n/12 ## 50               Stockholders[] Equity Attributable to Par
ent   usd 59194000000[] 
 []


Overfull \hbox (30.82483pt too wide) in paragraph at lines 805--805
[]\TU/lmtt/m/n/12 ## 51               Stockholders[] Equity Attributable to Par
ent   usd 74347000000[] 
 []


Overfull \hbox (30.7887pt too wide) in paragraph at lines 805--805
[]\TU/lmtt/m/n/12 ## 52                                    Liabilities and Equi
ty   usd 64961000000[] 
 []


Overfull \hbox (30.8247pt too wide) in paragraph at lines 805--805
[]\TU/lmtt/m/n/12 ## 53                                    Liabilities and Equi
ty   usd 84524000000[] 
 []

[15] [16]
LaTeX Font Info:    Font shape `TU/lmtt/bx/n' in size <12> not available
(Font)              Font shape `TU/lmtt/b/n' tried instead on input line 824.
[17] [18] [19] [20] [21]
File: Tectutorial_files/figure-latex/unnamed-chunk-14-1.pdf Graphic file (type 
pdf)
<use Tectutorial_files/figure-latex/unnamed-chunk-14-1.pdf>
[22]
Underfull \vbox (badness 10000) detected at line 1100
 []

[23]
Overfull \hbox (37.00491pt too wide) in paragraph at lines 1121--1122
[]\TU/lmtt/m/n/12 accounts_IS <- c("Revenues" , "Net Income (Loss) Available to
 Common Stockholders,
 []

[24] [25]
File: Tectutorial_files/figure-latex/unnamed-chunk-20-1.pdf Graphic file (type 
pdf)
<use Tectutorial_files/figure-latex/unnamed-chunk-20-1.pdf>
[26] [27] [28] [29] [30] [31] [32]
Overfull \hbox (6.06892pt too wide) in paragraph at lines 1590--1590
[]\TU/lmtt/m/n/12 ##  $ volume  : num [1:2647] 4.45e+08 3.09e+08 2.56e+08 3.00e
+08 3.12e+08 ...[] 
 []

[33] [34]
File: Tectutorial_files/figure-latex/unnamed-chunk-29-1.pdf Graphic file (type 
pdf)
<use Tectutorial_files/figure-latex/unnamed-chunk-29-1.pdf>
File: Tectutorial_files/figure-latex/unnamed-chunk-30-1.pdf Graphic file (type 
pdf)
<use Tectutorial_files/figure-latex/unnamed-chunk-30-1.pdf>
[35] [36]
File: Tectutorial_files/figure-latex/unnamed-chunk-32-1.pdf Graphic file (type 
pdf)
<use Tectutorial_files/figure-latex/unnamed-chunk-32-1.pdf>
File: Tectutorial_files/figure-latex/unnamed-chunk-33-1.pdf Graphic file (type 
pdf)
<use Tectutorial_files/figure-latex/unnamed-chunk-33-1.pdf>
[37]
Underfull \vbox (badness 1939) detected at line 1766
 []

[38]
File: Tectutorial_files/figure-latex/unnamed-chunk-36-1.pdf Graphic file (type 
pdf)
<use Tectutorial_files/figure-latex/unnamed-chunk-36-1.pdf>
[39] [40] [41]
File: Tectutorial_files/figure-latex/unnamed-chunk-40-1.pdf Graphic file (type 
pdf)
<use Tectutorial_files/figure-latex/unnamed-chunk-40-1.pdf>
[42]
File: Tectutorial_files/figure-latex/unnamed-chunk-42-1.pdf Graphic file (type 
pdf)
<use Tectutorial_files/figure-latex/unnamed-chunk-42-1.pdf>
[43]
File: Tectutorial_files/figure-latex/unnamed-chunk-43-1.pdf Graphic file (type 
pdf)
<use Tectutorial_files/figure-latex/unnamed-chunk-43-1.pdf>
[44]
Overfull \hbox (37.00491pt too wide) in paragraph at lines 2013--2013
[]\TU/lmtt/m/n/12 ## $ symbol <chr> "S4248SM144NCEN", "S4248SM144NCEN", "S4248S
M144NCEN", "S4248SM1~[] 
 []


Overfull \hbox (37.00494pt too wide) in paragraph at lines 2013--2013
[]\TU/lmtt/m/n/12 ## $ date   <date> 2010-01-01, 2010-02-01, 2010-03-01, 2010-0
4-01, 2010-05-01, 20~[] 
 []


Overfull \hbox (36.89684pt too wide) in paragraph at lines 2013--2013
[]\TU/lmtt/m/n/12 ## $ price  <int> 6558, 7481, 9475, 9424, 9351, 10552, 9077, 
9273, 9420, 9413, 98~[] 
 []

[45]
File: Tectutorial_files/figure-latex/unnamed-chunk-46-1.pdf Graphic file (type 
pdf)
<use Tectutorial_files/figure-latex/unnamed-chunk-46-1.pdf>

Overfull \vbox (0.39992pt too high) detected at line 2051
 []

[46]
File: Tectutorial_files/figure-latex/unnamed-chunk-47-1.pdf Graphic file (type 
pdf)
<use Tectutorial_files/figure-latex/unnamed-chunk-47-1.pdf>

Underfull \vbox (badness 1354) detected at line 2094
 []

[47]
Overfull \vbox (1.94365pt too high) detected at line 2118
 []

[48]
File: Tectutorial_files/figure-latex/unnamed-chunk-49-1.pdf Graphic file (type 
pdf)
<use Tectutorial_files/figure-latex/unnamed-chunk-49-1.pdf>
[49]
File: Tectutorial_files/figure-latex/unnamed-chunk-51-1.pdf Graphic file (type 
pdf)
<use Tectutorial_files/figure-latex/unnamed-chunk-51-1.pdf>
[50]
File: Tectutorial_files/figure-latex/unnamed-chunk-52-1.pdf Graphic file (type 
pdf)
<use Tectutorial_files/figure-latex/unnamed-chunk-52-1.pdf>
[51]
File: Tectutorial_files/figure-latex/unnamed-chunk-53-1.pdf Graphic file (type 
pdf)
<use Tectutorial_files/figure-latex/unnamed-chunk-53-1.pdf>
[52] [53]
File: Tectutorial_files/figure-latex/unnamed-chunk-54-1.pdf Graphic file (type 
pdf)
<use Tectutorial_files/figure-latex/unnamed-chunk-54-1.pdf>
[54] [55]
File: Tectutorial_files/figure-latex/unnamed-chunk-56-1.pdf Graphic file (type 
pdf)
<use Tectutorial_files/figure-latex/unnamed-chunk-56-1.pdf>
[56] [57]
File: Tectutorial_files/figure-latex/unnamed-chunk-57-1.pdf Graphic file (type 
pdf)
<use Tectutorial_files/figure-latex/unnamed-chunk-57-1.pdf>
[58] [59] [60]
File: Tectutorial_files/figure-latex/unnamed-chunk-59-1.pdf Graphic file (type 
pdf)
<use Tectutorial_files/figure-latex/unnamed-chunk-59-1.pdf>
[61]
File: Tectutorial_files/figure-latex/unnamed-chunk-60-1.pdf Graphic file (type 
pdf)
<use Tectutorial_files/figure-latex/unnamed-chunk-60-1.pdf>
[62] [63]
File: Tectutorial_files/figure-latex/unnamed-chunk-62-1.pdf Graphic file (type 
pdf)
<use Tectutorial_files/figure-latex/unnamed-chunk-62-1.pdf>
[64] [65] [66]
Overfull \vbox (2.72623pt too high) detected at line 2752
 []

[67]
File: Tectutorial_files/figure-latex/unnamed-chunk-68-1.pdf Graphic file (type 
pdf)
<use Tectutorial_files/figure-latex/unnamed-chunk-68-1.pdf>
[68]
Underfull \vbox (badness 5908) detected at line 2835
 []

[69]
File: Tectutorial_files/figure-latex/unnamed-chunk-69-1.pdf Graphic file (type 
pdf)
<use Tectutorial_files/figure-latex/unnamed-chunk-69-1.pdf>

Overfull \vbox (0.44792pt too high) detected at line 2865
 []

[70]
File: Tectutorial_files/figure-latex/unnamed-chunk-70-1.pdf Graphic file (type 
pdf)
<use Tectutorial_files/figure-latex/unnamed-chunk-70-1.pdf>

Underfull \vbox (badness 1377) detected at line 2886
 []

[71]
File: Tectutorial_files/figure-latex/unnamed-chunk-71-1.pdf Graphic file (type 
pdf)
<use Tectutorial_files/figure-latex/unnamed-chunk-71-1.pdf>
File: Tectutorial_files/figure-latex/unnamed-chunk-72-1.pdf Graphic file (type 
pdf)
<use Tectutorial_files/figure-latex/unnamed-chunk-72-1.pdf>
[72] [73]
File: Tectutorial_files/figure-latex/unnamed-chunk-73-1.pdf Graphic file (type 
pdf)
<use Tectutorial_files/figure-latex/unnamed-chunk-73-1.pdf>

Underfull \vbox (badness 1817) detected at line 2963
 []

[74]
File: Tectutorial_files/figure-latex/unnamed-chunk-74-1.pdf Graphic file (type 
pdf)
<use Tectutorial_files/figure-latex/unnamed-chunk-74-1.pdf>
[75]
Overfull \vbox (0.90872pt too high) detected at line 3050
 []

[76]
File: Tectutorial_files/figure-latex/unnamed-chunk-76-1.pdf Graphic file (type 
pdf)
<use Tectutorial_files/figure-latex/unnamed-chunk-76-1.pdf>
[77]
File: Tectutorial_files/figure-latex/unnamed-chunk-77-1.pdf Graphic file (type 
pdf)
<use Tectutorial_files/figure-latex/unnamed-chunk-77-1.pdf>
[78] [79] [80] [81] [82]
File: Tectutorial_files/figure-latex/unnamed-chunk-79-1.pdf Graphic file (type 
pdf)
<use Tectutorial_files/figure-latex/unnamed-chunk-79-1.pdf>
[83]
File: Tectutorial_files/figure-latex/unnamed-chunk-81-1.pdf Graphic file (type 
pdf)
<use Tectutorial_files/figure-latex/unnamed-chunk-81-1.pdf>
[84]
File: Tectutorial_files/figure-latex/unnamed-chunk-82-1.pdf Graphic file (type 
pdf)
<use Tectutorial_files/figure-latex/unnamed-chunk-82-1.pdf>
[85] [86] [87] [88]
File: Tectutorial_files/figure-latex/unnamed-chunk-86-1.pdf Graphic file (type 
pdf)
<use Tectutorial_files/figure-latex/unnamed-chunk-86-1.pdf>
[89] [90] [91]
Overfull \hbox (12.28479pt too wide) in paragraph at lines 3712--3712
[]\TU/lmtt/m/n/12 ##   [1] "MMM"   "ABT"   "ABBV"  "ABMD"  "ACN"   "ATVI"  "ADB
E"  "AMD"   "AAP"[] 
 []


Overfull \hbox (18.46475pt too wide) in paragraph at lines 3712--3712
[]\TU/lmtt/m/n/12 ##  [10] "AES"   "AFL"   "A"     "APD"   "AKAM"  "ALK"   "ALB
"   "ARE"   "ALXN"[] 
 []


Overfull \hbox (18.45282pt too wide) in paragraph at lines 3712--3712
[]\TU/lmtt/m/n/12 ##  [19] "ALGN"  "ALLE"  "LNT"   "ALL"   "GOOGL" "GOOG"  "MO"
    "AMZN"  "AMCR"[] 
 []


Overfull \hbox (12.28473pt too wide) in paragraph at lines 3712--3712
[]\TU/lmtt/m/n/12 ##  [28] "AEE"   "AAL"   "AEP"   "AXP"   "AIG"   "AMT"   "AWK
"   "AMP"   "ABC"[] 
 []


Overfull \hbox (12.28477pt too wide) in paragraph at lines 3712--3712
[]\TU/lmtt/m/n/12 ##  [37] "AME"   "AMGN"  "APH"   "ADI"   "ANSS"  "ANTM"  "AON
"   "AOS"   "APA"[] 
 []


Overfull \hbox (12.2728pt too wide) in paragraph at lines 3712--3712
[]\TU/lmtt/m/n/12 ##  [46] "AAPL"  "AMAT"  "APTV"  "ADM"   "ANET"  "AJG"   "AIZ
"   "T"     "ATO"[] 
 []


Overfull \hbox (6.10475pt too wide) in paragraph at lines 3712--3712
[]\TU/lmtt/m/n/12 ##  [55] "ADSK"  "ADP"   "AZO"   "AVB"   "AVY"   "BKR"   "BLL
"   "BAC"   "BK"[] 
 []


Overfull \hbox (18.45277pt too wide) in paragraph at lines 3712--3712
[]\TU/lmtt/m/n/12 ##  [64] "BAX"   "BDX"   "BRK.B" "BBY"   "BIO"   "BIIB"  "BLK
"   "BA"    "BKNG"[] 
 []


Overfull \hbox (12.28477pt too wide) in paragraph at lines 3712--3712
[]\TU/lmtt/m/n/12 ##  [73] "BWA"   "BXP"   "BSX"   "BMY"   "AVGO"  "BR"    "BF.
B"  "CHRW"  "COG"[] 
 []


Overfull \hbox (18.46477pt too wide) in paragraph at lines 3712--3712
[]\TU/lmtt/m/n/12 ##  [82] "CDNS"  "CZR"   "CPB"   "COF"   "CAH"   "KMX"   "CCL
"   "CARR"  "CTLT"[] 
 []


Overfull \hbox (6.09279pt too wide) in paragraph at lines 3712--3712
[]\TU/lmtt/m/n/12 ##  [91] "CAT"   "CBOE"  "CBRE"  "CDW"   "CE"    "CNC"   "CNP
"   "CERN"  "CF"[] 
 []

[92]
Overfull \hbox (18.46477pt too wide) in paragraph at lines 3712--3712
[]\TU/lmtt/m/n/12 ## [100] "CRL"   "SCHW"  "CHTR"  "CVX"   "CMG"   "CB"    "CHD
"   "CI"    "CINF"[] 
 []


Overfull \hbox (6.09279pt too wide) in paragraph at lines 3712--3712
[]\TU/lmtt/m/n/12 ## [109] "CTAS"  "CSCO"  "C"     "CFG"   "CTXS"  "CLX"   "CME
"   "CMS"   "KO"[] 
 []


Overfull \hbox (12.28476pt too wide) in paragraph at lines 3712--3712
[]\TU/lmtt/m/n/12 ## [118] "CTSH"  "CL"    "CMCSA" "CMA"   "CAG"   "COP"   "ED"
    "STZ"   "COO"[] 
 []


Overfull \hbox (12.28477pt too wide) in paragraph at lines 3712--3712
[]\TU/lmtt/m/n/12 ## [127] "CPRT"  "GLW"   "CTVA"  "COST"  "CCI"   "CSX"   "CMI
"   "CVS"   "DHI"[] 
 []


Overfull \hbox (18.45277pt too wide) in paragraph at lines 3712--3712
[]\TU/lmtt/m/n/12 ## [136] "DHR"   "DRI"   "DVA"   "DE"    "DAL"   "XRAY"  "DVN
"   "DXCM"  "FANG"[] 
 []


Overfull \hbox (12.28479pt too wide) in paragraph at lines 3712--3712
[]\TU/lmtt/m/n/12 ## [145] "DLR"   "DFS"   "DISCA" "DISCK" "DISH"  "DG"    "DLT
R"  "D"     "DPZ"[] 
 []


Overfull \hbox (12.28473pt too wide) in paragraph at lines 3712--3712
[]\TU/lmtt/m/n/12 ## [154] "DOV"   "DOW"   "DTE"   "DUK"   "DRE"   "DD"    "DXC
"   "EMN"   "ETN"[] 
 []


Overfull \hbox (12.27277pt too wide) in paragraph at lines 3712--3712
[]\TU/lmtt/m/n/12 ## [163] "EBAY"  "ECL"   "EIX"   "EW"    "EA"    "EMR"   "ENP
H"  "ETR"   "EOG"[] 
 []


Overfull \hbox (6.10478pt too wide) in paragraph at lines 3712--3712
[]\TU/lmtt/m/n/12 ## [172] "EFX"   "EQIX"  "EQR"   "ESS"   "EL"    "ETSY"  "EVR
G"  "ES"    "RE"[] 
 []


Overfull \hbox (12.28479pt too wide) in paragraph at lines 3712--3712
[]\TU/lmtt/m/n/12 ## [181] "EXC"   "EXPE"  "EXPD"  "EXR"   "XOM"   "FFIV"  "FB"
    "FAST"  "FRT"[] 
 []


Overfull \hbox (18.4408pt too wide) in paragraph at lines 3712--3712
[]\TU/lmtt/m/n/12 ## [199] "FTNT"  "FTV"   "FBHS"  "FOXA"  "FOX"   "BEN"   "FCX
"   "GPS"   "GRMN"[] 
 []


Overfull \hbox (6.10477pt too wide) in paragraph at lines 3712--3712
[]\TU/lmtt/m/n/12 ## [208] "IT"    "GNRC"  "GD"    "GE"    "GIS"   "GM"    "GPC
"   "GILD"  "GL"[] 
 []


Overfull \hbox (18.46474pt too wide) in paragraph at lines 3712--3712
[]\TU/lmtt/m/n/12 ## [217] "GPN"   "GS"    "GWW"   "HAL"   "HBI"   "HIG"   "HAS
"   "HCA"   "PEAK"[] 
 []


Overfull \hbox (12.27277pt too wide) in paragraph at lines 3712--3712
[]\TU/lmtt/m/n/12 ## [226] "HSIC"  "HSY"   "HES"   "HPE"   "HLT"   "HOLX"  "HD"
    "HON"   "HRL"[] 
 []


Overfull \hbox (18.46477pt too wide) in paragraph at lines 3712--3712
[]\TU/lmtt/m/n/12 ## [235] "HST"   "HWM"   "HPQ"   "HUM"   "HBAN"  "HII"   "IEX
"   "IDXX"  "INFO"[] 
 []


Overfull \hbox (12.28477pt too wide) in paragraph at lines 3712--3712
[]\TU/lmtt/m/n/12 ## [244] "ITW"   "ILMN"  "INCY"  "IR"    "INTC"  "ICE"   "IBM
"   "IP"    "IPG"[] 
 []


Overfull \hbox (12.27277pt too wide) in paragraph at lines 3712--3712
[]\TU/lmtt/m/n/12 ## [262] "JBHT"  "SJM"   "JNJ"   "JCI"   "JPM"   "JNPR"  "KSU
"   "K"     "KEY"[] 
 []


Overfull \hbox (12.28476pt too wide) in paragraph at lines 3712--3712
[]\TU/lmtt/m/n/12 ## [271] "KEYS"  "KMB"   "KIM"   "KMI"   "KLAC"  "KHC"   "KR"
    "LB"    "LHX"[] 
 []


Overfull \hbox (12.28476pt too wide) in paragraph at lines 3712--3712
[]\TU/lmtt/m/n/12 ## [280] "LH"    "LRCX"  "LW"    "LVS"   "LEG"   "LDOS"  "LEN
"   "LLY"   "LNC"[] 
 []


Overfull \hbox (12.27275pt too wide) in paragraph at lines 3712--3712
[]\TU/lmtt/m/n/12 ## [289] "LIN"   "LYV"   "LKQ"   "LMT"   "L"     "LOW"   "LUM
N"  "LYB"   "MTB"[] 
 []


Overfull \hbox (12.27275pt too wide) in paragraph at lines 3712--3712
[]\TU/lmtt/m/n/12 ## [298] "MRO"   "MPC"   "MKTX"  "MAR"   "MMC"   "MLM"   "MAS
"   "MA"    "MKC"[] 
 []


Overfull \hbox (18.46475pt too wide) in paragraph at lines 3712--3712
[]\TU/lmtt/m/n/12 ## [307] "MXIM"  "MCD"   "MCK"   "MDT"   "MRK"   "MET"   "MTD
"   "MGM"   "MCHP"[] 
 []


Overfull \hbox (12.2728pt too wide) in paragraph at lines 3712--3712
[]\TU/lmtt/m/n/12 ## [316] "MU"    "MSFT"  "MAA"   "MHK"   "TAP"   "MDLZ"  "MPW
R"  "MNST"  "MCO"[] 
 []


Overfull \hbox (12.28479pt too wide) in paragraph at lines 3712--3712
[]\TU/lmtt/m/n/12 ## [325] "MS"    "MOS"   "MSI"   "MSCI"  "NDAQ"  "NTAP"  "NFL
X"  "NWL"   "NEM"[] 
 []


Overfull \hbox (12.28477pt too wide) in paragraph at lines 3712--3712
[]\TU/lmtt/m/n/12 ## [334] "NWSA"  "NWS"   "NEE"   "NLSN"  "NKE"   "NI"    "NSC
"   "NTRS"  "NOC"[] 
 []


Overfull \hbox (18.4648pt too wide) in paragraph at lines 3712--3712
[]\TU/lmtt/m/n/12 ## [343] "NLOK"  "NCLH"  "NOV"   "NRG"   "NUE"   "NVDA"  "NVR
"   "NXPI"  "ORLY"[] 
 []


Overfull \hbox (12.28479pt too wide) in paragraph at lines 3712--3712
[]\TU/lmtt/m/n/12 ## [352] "OXY"   "ODFL"  "OMC"   "OKE"   "ORCL"  "OGN"   "OTI
S"  "PCAR"  "PKG"[] 
 []


Overfull \hbox (12.27281pt too wide) in paragraph at lines 3712--3712
[]\TU/lmtt/m/n/12 ## [361] "PH"    "PAYX"  "PAYC"  "PYPL"  "PENN"  "PNR"   "PBC
T"  "PEP"   "PKI"[] 
 []


Overfull \hbox (12.28476pt too wide) in paragraph at lines 3712--3712
[]\TU/lmtt/m/n/12 ## [370] "PRGO"  "PFE"   "PM"    "PSX"   "PNW"   "PXD"   "PNC
"   "POOL"  "PPG"[] 
 []


Overfull \hbox (12.27274pt too wide) in paragraph at lines 3712--3712
[]\TU/lmtt/m/n/12 ## [379] "PPL"   "PFG"   "PG"    "PGR"   "PLD"   "PRU"   "PTC
"   "PEG"   "PSA"[] 
 []


Overfull \hbox (12.28476pt too wide) in paragraph at lines 3712--3712
[]\TU/lmtt/m/n/12 ## [388] "PHM"   "PVH"   "QRVO"  "PWR"   "QCOM"  "DGX"   "RL"
    "RJF"   "RTX"[] 
 []


Overfull \hbox (12.27275pt too wide) in paragraph at lines 3712--3712
[]\TU/lmtt/m/n/12 ## [397] "O"     "REG"   "REGN"  "RF"    "RSG"   "RMD"   "RHI
"   "ROK"   "ROL"[] 
 []


Overfull \hbox (12.27278pt too wide) in paragraph at lines 3712--3712
[]\TU/lmtt/m/n/12 ## [406] "ROP"   "ROST"  "RCL"   "SPGI"  "CRM"   "SBAC"  "SLB
"   "STX"   "SEE"[] 
 []


Overfull \hbox (12.28474pt too wide) in paragraph at lines 3712--3712
[]\TU/lmtt/m/n/12 ## [415] "SRE"   "NOW"   "SHW"   "SPG"   "SWKS"  "SNA"   "SO"
    "LUV"   "SWK"[] 
 []

[93]
Overfull \hbox (18.46478pt too wide) in paragraph at lines 3712--3712
[]\TU/lmtt/m/n/12 ## [424] "SBUX"  "STT"   "STE"   "SYK"   "SIVB"  "SYF"   "SNP
S"  "SYY"   "TMUS"[] 
 []


Overfull \hbox (18.46477pt too wide) in paragraph at lines 3712--3712
[]\TU/lmtt/m/n/12 ## [433] "TROW"  "TTWO"  "TPR"   "TGT"   "TEL"   "TDY"   "TFX
"   "TER"   "TSLA"[] 
 []


Overfull \hbox (18.46475pt too wide) in paragraph at lines 3712--3712
[]\TU/lmtt/m/n/12 ## [442] "TXN"   "TXT"   "TMO"   "TJX"   "TSCO"  "TT"    "TDG
"   "TRV"   "TRMB"[] 
 []


Overfull \hbox (6.10477pt too wide) in paragraph at lines 3712--3712
[]\TU/lmtt/m/n/12 ## [451] "TFC"   "TWTR"  "TYL"   "TSN"   "UDR"   "ULTA"  "USB
"   "UAA"   "UA"[] 
 []


Overfull \hbox (12.27274pt too wide) in paragraph at lines 3712--3712
[]\TU/lmtt/m/n/12 ## [460] "UNP"   "UAL"   "UNH"   "UPS"   "URI"   "UHS"   "UNM
"   "VLO"   "VTR"[] 
 []


Overfull \hbox (12.26082pt too wide) in paragraph at lines 3712--3712
[]\TU/lmtt/m/n/12 ## [469] "VRSN"  "VRSK"  "VZ"    "VRTX"  "VFC"   "VIAC"  "VTR
S"  "V"     "VNO"[] 
 []


Overfull \hbox (12.28473pt too wide) in paragraph at lines 3712--3712
[]\TU/lmtt/m/n/12 ## [478] "VMC"   "WRB"   "WAB"   "WMT"   "WBA"   "DIS"   "WM"
    "WAT"   "WEC"[] 
 []


Overfull \hbox (12.28474pt too wide) in paragraph at lines 3712--3712
[]\TU/lmtt/m/n/12 ## [487] "WFC"   "WELL"  "WST"   "WDC"   "WU"    "WRK"   "WY"
    "WHR"   "WMB"[] 
 []


Overfull \hbox (18.44081pt too wide) in paragraph at lines 3712--3712
[]\TU/lmtt/m/n/12 ## [496] "WLTW"  "WYNN"  "XEL"   "XLNX"  "XYL"   "YUM"   "ZBR
A"  "ZBH"   "ZION"[] 
 []

Missing character: There is no  in font [lmroman12-regular]:mapping=tex-text;!
Missing character: There is no  in font [lmroman12-regular]:mapping=tex-text;!
Missing character: There is no  in font [lmroman12-regular]:mapping=tex-text;!
Missing character: There is no  in font [lmroman12-regular]:mapping=tex-text;!
[94] [95] [96] [97]
File: Tectutorial_files/figure-latex/unnamed-chunk-93-1.pdf Graphic file (type 
pdf)
<use Tectutorial_files/figure-latex/unnamed-chunk-93-1.pdf>
[98] [99] [100]
File: Tectutorial_files/figure-latex/unnamed-chunk-95-1.pdf Graphic file (type 
pdf)
<use Tectutorial_files/figure-latex/unnamed-chunk-95-1.pdf>
[101] [102]
Overfull \vbox (1.83565pt too high) detected at line 4119
 []

[103]

LaTeX Warning: File `Tectutorial_files/figure-latex/PMF E2 q3-1.pdf' not found 
on input line 4121.

File: Tectutorial_files/figure-latex/PMF E2 q3-1.pdf Graphic file (type pdf)
<use Tectutorial_files/figure-latex/PMF E2 q3-1.pdf>

Overfull \hbox (117.75244pt too wide) in paragraph at lines 4121--4122
[]\TU/lmr/m/n/12 E2 q3-1.pdf E2 q3-1.bb [] 
 []

[104]
File: Tectutorial_files/figure-latex/unnamed-chunk-97-1.pdf Graphic file (type 
pdf)
<use Tectutorial_files/figure-latex/unnamed-chunk-97-1.pdf>
[105]
Underfull \vbox (badness 1371) detected at line 4183
 []

[106]
File: Tectutorial_files/figure-latex/unnamed-chunk-98-1.pdf Graphic file (type 
pdf)
<use Tectutorial_files/figure-latex/unnamed-chunk-98-1.pdf>

Underfull \vbox (badness 1320) detected at line 4205
 []

[107]
Overfull \vbox (1.31519pt too high) detected at line 4269
 []

[108]
File: Tectutorial_files/figure-latex/unnamed-chunk-101-1.pdf Graphic file (type
 pdf)
<use Tectutorial_files/figure-latex/unnamed-chunk-101-1.pdf>
[109] [110]
File: Tectutorial_files/figure-latex/unnamed-chunk-103-1.pdf Graphic file (type
 pdf)
<use Tectutorial_files/figure-latex/unnamed-chunk-103-1.pdf>
[111] [112] [113]
File: Tectutorial_files/figure-latex/unnamed-chunk-106-1.pdf Graphic file (type
 pdf)
<use Tectutorial_files/figure-latex/unnamed-chunk-106-1.pdf>
[114]
File: Tectutorial_files/figure-latex/unnamed-chunk-107-1.pdf Graphic file (type
 pdf)
<use Tectutorial_files/figure-latex/unnamed-chunk-107-1.pdf>

Underfull \vbox (badness 10000) detected at line 4497
 []

[115]
File: Tectutorial_files/figure-latex/unnamed-chunk-108-1.pdf Graphic file (type
 pdf)
<use Tectutorial_files/figure-latex/unnamed-chunk-108-1.pdf>

Underfull \vbox (badness 10000) detected at line 4516
 []

[116]
File: Tectutorial_files/figure-latex/unnamed-chunk-109-1.pdf Graphic file (type
 pdf)
<use Tectutorial_files/figure-latex/unnamed-chunk-109-1.pdf>
[117] [118]
File: Tectutorial_files/figure-latex/unnamed-chunk-111-1.pdf Graphic file (type
 pdf)
<use Tectutorial_files/figure-latex/unnamed-chunk-111-1.pdf>
[119] [120] [121] [122] [123] [124] [125]
Overfull \hbox (37.00487pt too wide) in paragraph at lines 4902--4902
[]\TU/lmtt/m/n/12 ## optimize.portfolio(R = fang, portfolio = port_spec, optimi
ze_method = "random",[] 
 []


Overfull \hbox (18.46486pt too wide) in paragraph at lines 4930--4930
[]\TU/lmtt/m/n/12 ## optimize.portfolio(R = fang, portfolio = port_spec, optimi
ze_method = "ROI",[] 
 []

[126]
File: Tectutorial_files/figure-latex/unnamed-chunk-117-1.pdf Graphic file (type
 pdf)
<use Tectutorial_files/figure-latex/unnamed-chunk-117-1.pdf>
File: Tectutorial_files/figure-latex/unnamed-chunk-118-1.pdf Graphic file (type
 pdf)
<use Tectutorial_files/figure-latex/unnamed-chunk-118-1.pdf>
[127]
File: Tectutorial_files/figure-latex/unnamed-chunk-118-2.pdf Graphic file (type
 pdf)
<use Tectutorial_files/figure-latex/unnamed-chunk-118-2.pdf>
[128] [129]
File: Tectutorial_files/figure-latex/unnamed-chunk-120-1.pdf Graphic file (type
 pdf)
<use Tectutorial_files/figure-latex/unnamed-chunk-120-1.pdf>
[130] [131] [132]
File: Tectutorial_files/figure-latex/unnamed-chunk-123-1.pdf Graphic file (type
 pdf)
<use Tectutorial_files/figure-latex/unnamed-chunk-123-1.pdf>
[133] [134] [135] [136]
File: Tectutorial_files/figure-latex/unnamed-chunk-128-1.pdf Graphic file (type
 pdf)
<use Tectutorial_files/figure-latex/unnamed-chunk-128-1.pdf>
[137] [138]
File: Tectutorial_files/figure-latex/unnamed-chunk-131-1.pdf Graphic file (type
 pdf)
<use Tectutorial_files/figure-latex/unnamed-chunk-131-1.pdf>
[139]
File: Tectutorial_files/figure-latex/unnamed-chunk-132-1.pdf Graphic file (type
 pdf)
<use Tectutorial_files/figure-latex/unnamed-chunk-132-1.pdf>
[140]
File: Tectutorial_files/figure-latex/unnamed-chunk-133-1.pdf Graphic file (type
 pdf)
<use Tectutorial_files/figure-latex/unnamed-chunk-133-1.pdf>
[141] [142]
Overfull \hbox (12.28453pt too wide) in paragraph at lines 5558--5558
[]\TU/lmtt/m/n/12 ##               FB        AMZN        NFLX       GOOG       
    X           Y[] 
 []


Overfull \hbox (12.18887pt too wide) in paragraph at lines 5558--5558
[]\TU/lmtt/m/n/12 ## FB    1.00000000  0.18461970  0.21820791  0.2468989  0.037
79375 -0.04276241[] 
 []


Overfull \hbox (12.20091pt too wide) in paragraph at lines 5558--5558
[]\TU/lmtt/m/n/12 ## AMZN  0.18461970  1.00000000  0.31180203  0.6171376  0.048
77402 -0.05611269[] 
 []


Overfull \hbox (12.2129pt too wide) in paragraph at lines 5558--5558
[]\TU/lmtt/m/n/12 ## NFLX  0.21820791  0.31180203  1.00000000  0.3586214  0.067
72682 -0.05943567[] 
 []


Overfull \hbox (12.18889pt too wide) in paragraph at lines 5558--5558
[]\TU/lmtt/m/n/12 ## GOOG  0.24689886  0.61713764  0.35862138  1.0000000  0.206
82201 -0.19110508[] 
 []

[143]
Overfull \hbox (12.17686pt too wide) in paragraph at lines 5558--5558
[]\TU/lmtt/m/n/12 ## X     0.03779375  0.04877402  0.06772682  0.2068220  1.000
00000 -0.98994949[] 
 []


Overfull \hbox (12.1409pt too wide) in paragraph at lines 5558--5558
[]\TU/lmtt/m/n/12 ## Y    -0.04276241 -0.05611269 -0.05943567 -0.1911051 -0.989
94949  1.00000000[] 
 []

File: Tectutorial_files/figure-latex/unnamed-chunk-137-1.pdf Graphic file (type
 pdf)
<use Tectutorial_files/figure-latex/unnamed-chunk-137-1.pdf>
[144] [145]
File: Tectutorial_files/figure-latex/unnamed-chunk-139-1.pdf Graphic file (type
 pdf)
<use Tectutorial_files/figure-latex/unnamed-chunk-139-1.pdf>
[146] [147] [148] [149] [150]
File: Tectutorial_files/figure-latex/unnamed-chunk-146-1.pdf Graphic file (type
 pdf)
<use Tectutorial_files/figure-latex/unnamed-chunk-146-1.pdf>
[151] [152]
File: Tectutorial_files/figure-latex/unnamed-chunk-149-1.pdf Graphic file (type
 pdf)
<use Tectutorial_files/figure-latex/unnamed-chunk-149-1.pdf>
[153] [154]
File: Tectutorial_files/figure-latex/unnamed-chunk-151-1.pdf Graphic file (type
 pdf)
<use Tectutorial_files/figure-latex/unnamed-chunk-151-1.pdf>
[155] [156]
Overfull \hbox (111.16487pt too wide) in paragraph at lines 6096--6096
[]\TU/lmtt/m/n/12 ##  $ meanses : num  -0.428 -0.428 -0.428 -0.428 -0.428 -0.42
8 -0.428 -0.428 -0.428 -0.428 ...[] 
 []


Overfull \hbox (12.27274pt too wide) in paragraph at lines 6122--6122
[]\TU/lmtt/m/n/12 ##  $ schid   : Factor w/ 160 levels "1224","1288",..: 1 1 1 
1 1 1 1 1 1 1 ...[] 
 []


Overfull \hbox (111.16487pt too wide) in paragraph at lines 6122--6122
[]\TU/lmtt/m/n/12 ##  $ meanses : num  -0.428 -0.428 -0.428 -0.428 -0.428 -0.42
8 -0.428 -0.428 -0.428 -0.428 ...[] 
 []

[157]
File: Tectutorial_files/figure-latex/unnamed-chunk-156-1.pdf Graphic file (type
 pdf)
<use Tectutorial_files/figure-latex/unnamed-chunk-156-1.pdf>
[158]
File: Tectutorial_files/figure-latex/unnamed-chunk-157-1.pdf Graphic file (type
 pdf)
<use Tectutorial_files/figure-latex/unnamed-chunk-157-1.pdf>
File: Tectutorial_files/figure-latex/unnamed-chunk-158-1.pdf Graphic file (type
 pdf)
<use Tectutorial_files/figure-latex/unnamed-chunk-158-1.pdf>
[159]
File: Tectutorial_files/figure-latex/unnamed-chunk-159-1.pdf Graphic file (type
 pdf)
<use Tectutorial_files/figure-latex/unnamed-chunk-159-1.pdf>
[160]
File: Tectutorial_files/figure-latex/unnamed-chunk-160-1.pdf Graphic file (type
 pdf)
<use Tectutorial_files/figure-latex/unnamed-chunk-160-1.pdf>
[161]
File: Tectutorial_files/figure-latex/unnamed-chunk-161-1.pdf Graphic file (type
 pdf)
<use Tectutorial_files/figure-latex/unnamed-chunk-161-1.pdf>
[162]
File: Tectutorial_files/figure-latex/unnamed-chunk-162-1.pdf Graphic file (type
 pdf)
<use Tectutorial_files/figure-latex/unnamed-chunk-162-1.pdf>
[163]
File: Tectutorial_files/figure-latex/unnamed-chunk-163-1.pdf Graphic file (type
 pdf)
<use Tectutorial_files/figure-latex/unnamed-chunk-163-1.pdf>
[164]
Overfull \hbox (6.10487pt too wide) in paragraph at lines 6320--6320
[]\TU/lmtt/m/n/12 ## Linear mixed model fit by maximum likelihood . t-tests use
 Satterthwaite[]s[] 
 []

[165] [166] [167] [168]
Overfull \hbox (37.00482pt too wide) in paragraph at lines 6524--6524
[]\TU/lmtt/m/n/12 ## Global model call: lmer(formula = mathach ~ minority * fem
ale * ses * schtype +[] 
 []

[169]
Overfull \hbox (24.64484pt too wide) in paragraph at lines 6524--6524
[]\TU/lmtt/m/n/12 ##       (Int) fml mnr sch   ses fml:mnr fml:sch fml:ses mnr:
sch mnr:ses sch:ses[] 
 []


Overfull \hbox (24.6205pt too wide) in paragraph at lines 6524--6524
[]\TU/lmtt/m/n/12 ## 9168  13.34   +   +   + 2.712                       +     
  +       +       +[] 
 []


Overfull \hbox (24.59653pt too wide) in paragraph at lines 6524--6524
[]\TU/lmtt/m/n/12 ## 9184  13.39   +   +   + 2.676       +               +     
  +       +       +[] 
 []


Overfull \hbox (24.62051pt too wide) in paragraph at lines 6524--6524
[]\TU/lmtt/m/n/12 ## 9200  13.31   +   +   + 2.706               +       +     
  +       +       +[] 
 []


Overfull \hbox (24.57251pt too wide) in paragraph at lines 6524--6524
[]\TU/lmtt/m/n/12 ## 9216  13.36   +   +   + 2.669       +       +       +     
  +       +       +[] 
 []


Overfull \hbox (24.62051pt too wide) in paragraph at lines 6524--6524
[]\TU/lmtt/m/n/12 ## 9104  13.33   +   +   + 2.912                             
  +       +       +[] 
 []


Overfull \hbox (24.62051pt too wide) in paragraph at lines 6524--6524
[]\TU/lmtt/m/n/12 ## 11232 13.39   +   +   + 2.683       +               +     
  +       +       +[] 
 []


Overfull \hbox (6.10487pt too wide) in paragraph at lines 6569--6569
[]\TU/lmtt/m/n/12 ## Linear mixed model fit by maximum likelihood . t-tests use
 Satterthwaite[]s[] 
 []

[170] [171]
Overfull \hbox (6.10487pt too wide) in paragraph at lines 6655--6655
[]\TU/lmtt/m/n/12 ## Linear mixed model fit by maximum likelihood . t-tests use
 Satterthwaite[]s[] 
 []


Overfull \hbox (6.10477pt too wide) in paragraph at lines 6655--6655
[]\TU/lmtt/m/n/12 ##     minority * schtype + minority * ses + schtype * ses + 
(1 |      schid)[] 
 []

[172] [173] [174] [175] [176] [177] [178]
Overfull \hbox (40.07082pt too wide) in paragraph at lines 6952--6954
[]\TU/lmr/m/n/12 As a result, a hash function for three blocks looks like this:
 $[][][][][] [] [][][][][][][][][][][][][][][][][] [][][][][][][][] [][][][][][
][]$. 
 []

[179] [180] [181] [182] [183] [184] [185] [186] [187] [188] [189] [190]
File: Tectutorial_files/figure-latex/unnamed-chunk-188-1.pdf Graphic file (type
 pdf)
<use Tectutorial_files/figure-latex/unnamed-chunk-188-1.pdf>

Underfull \vbox (badness 1348) detected at line 7542
 []

[191] [192] [193] [194] [195]
Underfull \vbox (badness 10000) detected at line 7730
 []


Overfull \vbox (1.37212pt too high) detected at line 7730
 []

[196] [197] [198] [199] [200]
Overfull \hbox (36.92085pt too wide) in paragraph at lines 7974--7974
[]\TU/lmtt/m/n/12 ##  [1] 08 70 24 5b fd 06 74 2e 2b cc 60 cd 35 ae 47 a9 68 ca
 62 d6 c0 bf aa 57 9e[] 
 []


Overfull \hbox (36.89685pt too wide) in paragraph at lines 7974--7974
[]\TU/lmtt/m/n/12 ## [26] 96 18 d4 ab 50 26 86 6d e8 a1 e1 fa ba 73 36 32 f1 38
 fb ee 50 2d 47 9c 26[] 
 []

[201]
Overfull \hbox (43.1728pt too wide) in paragraph at lines 8034--8034
[]\TU/lmtt/m/n/12 ##   [1] 58 0a 00 00 00 03 00 04 01 00 00 03 05 00 00 00 00 0
6 43 50 31 32 35 32 00[] 
 []


Overfull \hbox (43.16081pt too wide) in paragraph at lines 8034--8034
[]\TU/lmtt/m/n/12 ##  [26] 00 02 13 00 00 00 03 00 00 00 10 00 00 00 01 00 04 0
0 09 00 00 00 01 41 00[] 
 []


Overfull \hbox (43.1728pt too wide) in paragraph at lines 8034--8034
[]\TU/lmtt/m/n/12 ##  [51] 00 00 10 00 00 00 01 00 04 00 09 00 00 00 01 42 00 0
0 00 10 00 00 00 01 00[] 
 []


Overfull \hbox (43.14882pt too wide) in paragraph at lines 8034--8034
[]\TU/lmtt/m/n/12 ##  [76] 04 00 09 00 00 00 03 31 30 30 00 00 04 02 00 00 00 0
1 00 04 00 09 00 00 00[] 
 []


Overfull \hbox (43.08885pt too wide) in paragraph at lines 8034--8034
[]\TU/lmtt/m/n/12 ## [101] 05 6e 61 6d 65 73 00 00 00 10 00 00 00 03 00 04 00 0
9 00 00 00 06 73 65 6e[] 
 []


Overfull \hbox (43.04086pt too wide) in paragraph at lines 8034--8034
[]\TU/lmtt/m/n/12 ## [126] 64 65 72 00 04 00 09 00 00 00 08 72 65 63 65 69 76 6
5 72 00 04 00 09 00 00[] 
 []

[202]
Overfull \hbox (43.13683pt too wide) in paragraph at lines 8063--8063
[]\TU/lmtt/m/n/12 ##   [1] 29 04 70 37 b7 c2 29 87 cf 49 14 5f 4d a2 34 da 43 8
0 53 74 16 72 c1 e7 83[] 
 []


Overfull \hbox (43.10085pt too wide) in paragraph at lines 8063--8063
[]\TU/lmtt/m/n/12 ##  [26] a3 b5 37 ff 11 ec 6f 41 d1 68 45 90 21 7f 01 c6 ad 8
4 2b 5b 3e 9c 13 6e de[] 
 []


Overfull \hbox (43.14882pt too wide) in paragraph at lines 8063--8063
[]\TU/lmtt/m/n/12 ##  [51] 82 cf be 5d 04 ea 01 e0 07 55 8f 26 2a b8 be 3a 8a 7
4 c0 0c 2d b6 fb 59 fb[] 
 []


Overfull \hbox (43.14882pt too wide) in paragraph at lines 8063--8063
[]\TU/lmtt/m/n/12 ##  [76] 1f 5f 2e 77 33 a3 51 88 7b 32 90 2f 8a 0d 51 bc e2 4
b 0b 2e 8c 51 fc e9 80[] 
 []


Overfull \hbox (43.06485pt too wide) in paragraph at lines 8063--8063
[]\TU/lmtt/m/n/12 ## [101] ef 1e 94 57 c0 8c bf 00 f6 e6 40 cf 9a 29 99 53 0f 1
7 6d 4d 9e 91 80 e0 5a[] 
 []


Overfull \hbox (43.08884pt too wide) in paragraph at lines 8063--8063
[]\TU/lmtt/m/n/12 ## [126] e8 56 1d 37 84 f3 7a 7d 18 fa 68 e3 e6 99 83 a1 a8 9
7 12 4c 13 b8 7d eb 89[] 
 []


Overfull \hbox (43.10083pt too wide) in paragraph at lines 8063--8063
[]\TU/lmtt/m/n/12 ## [151] 38 78 9d 88 b8 84 f2 e5 63 27 1e 96 bc 04 d9 d3 72 b
2 e0 9d d4 a1 09 d4 52[] 
 []


Overfull \hbox (43.10085pt too wide) in paragraph at lines 8063--8063
[]\TU/lmtt/m/n/12 ## [176] 7d 36 12 97 60 a4 03 fa a6 54 1f a0 82 23 12 8b 88 8
6 61 02 5b 1e 8f d5 54[] 
 []


Overfull \hbox (43.11284pt too wide) in paragraph at lines 8063--8063
[]\TU/lmtt/m/n/12 ## [201] 57 92 e3 67 7a fa a3 d8 ae b6 1f 6c 1d d8 fc 03 61 2
d 6e d0 78 0a 1c 87 22[] 
 []


Overfull \hbox (43.10085pt too wide) in paragraph at lines 8063--8063
[]\TU/lmtt/m/n/12 ## [226] b2 af 5b c9 94 0f 6c 92 ee f0 fe f3 98 75 50 82 ab a
8 0e c3 0d 8f 79 e2 37[] 
 []

[203]
Overfull \hbox (43.1728pt too wide) in paragraph at lines 8125--8125
[]\TU/lmtt/m/n/12 ##   [1] 58 0a 00 00 00 03 00 04 01 00 00 03 05 00 00 00 00 0
6 43 50 31 32 35 32 00[] 
 []


Overfull \hbox (43.16081pt too wide) in paragraph at lines 8125--8125
[]\TU/lmtt/m/n/12 ##  [26] 00 02 13 00 00 00 03 00 00 00 10 00 00 00 01 00 04 0
0 09 00 00 00 01 41 00[] 
 []


Overfull \hbox (43.1728pt too wide) in paragraph at lines 8125--8125
[]\TU/lmtt/m/n/12 ##  [51] 00 00 10 00 00 00 01 00 04 00 09 00 00 00 01 42 00 0
0 00 10 00 00 00 01 00[] 
 []


Overfull \hbox (43.14882pt too wide) in paragraph at lines 8125--8125
[]\TU/lmtt/m/n/12 ##  [76] 04 00 09 00 00 00 03 31 30 30 00 00 04 02 00 00 00 0
1 00 04 00 09 00 00 00[] 
 []


Overfull \hbox (43.08885pt too wide) in paragraph at lines 8125--8125
[]\TU/lmtt/m/n/12 ## [101] 05 6e 61 6d 65 73 00 00 00 10 00 00 00 03 00 04 00 0
9 00 00 00 06 73 65 6e[] 
 []


Overfull \hbox (43.04086pt too wide) in paragraph at lines 8125--8125
[]\TU/lmtt/m/n/12 ## [126] 64 65 72 00 04 00 09 00 00 00 08 72 65 63 65 69 76 6
5 72 00 04 00 09 00 00[] 
 []


Overfull \hbox (43.10085pt too wide) in paragraph at lines 8150--8150
[]\TU/lmtt/m/n/12 ##   [1] 53 81 c5 0f d6 4c b2 98 61 72 1a ac b5 64 98 5a e6 2
4 a4 37 79 c8 04 2d 5a[] 
 []


Overfull \hbox (43.11284pt too wide) in paragraph at lines 8150--8150
[]\TU/lmtt/m/n/12 ##  [26] 2f 94 03 ca 0b 60 0a 2b ae 57 4e 2a 13 11 d3 e4 f1 b
0 f7 0a 92 f4 86 98 ee[] 
 []


Overfull \hbox (43.16081pt too wide) in paragraph at lines 8150--8150
[]\TU/lmtt/m/n/12 ##  [51] 30 e0 ae 7a f5 82 47 1a 3e 17 14 28 cb 64 25 41 32 a
e a0 27 bd 2d 89 43 87[] 
 []


Overfull \hbox (43.08885pt too wide) in paragraph at lines 8150--8150
[]\TU/lmtt/m/n/12 ##  [76] 36 6d f1 08 4b f8 75 2b c7 ce 08 89 d0 8e 8f 29 40 2
d dd 16 7b 70 98 56 37[] 
 []


Overfull \hbox (43.14882pt too wide) in paragraph at lines 8150--8150
[]\TU/lmtt/m/n/12 ## [101] d6 a1 14 38 5c c4 71 e4 42 8a fd 95 57 2e b0 1d 27 8
5 4c ac fd b2 77 61 de[] 
 []


Overfull \hbox (43.13683pt too wide) in paragraph at lines 8150--8150
[]\TU/lmtt/m/n/12 ## [126] f4 b2 4d 33 7b d1 8d 09 f5 b0 04 fb 71 a1 8a 4c 29 0
2 9d 05 c5 73 37 e4 27[] 
 []


Overfull \hbox (43.07686pt too wide) in paragraph at lines 8150--8150
[]\TU/lmtt/m/n/12 ## [151] 9c 32 a1 1b 1a 33 26 b3 94 56 f4 67 b3 c3 7c c1 b8 c
7 39 6d 6d bb b6 07 33[] 
 []


Overfull \hbox (43.13683pt too wide) in paragraph at lines 8150--8150
[]\TU/lmtt/m/n/12 ## [176] 6c e9 21 74 c2 de cf 83 b6 f5 44 4e 1a 1b 15 02 3f 5
7 d8 5c 44 ff 85 e2 b2[] 
 []


Overfull \hbox (43.05286pt too wide) in paragraph at lines 8150--8150
[]\TU/lmtt/m/n/12 ## [201] 6c f7 41 62 6f 95 03 c2 26 72 40 66 77 76 8c fd 00 3
8 e9 fc e9 67 37 1c a1[] 
 []


Overfull \hbox (43.07684pt too wide) in paragraph at lines 8150--8150
[]\TU/lmtt/m/n/12 ## [226] d5 2e a2 f6 dc 6d 5d 7a c7 fd e0 53 e4 98 5b 66 0f 6
f b4 49 82 33 67 43 31[] 
 []

[204]
Overfull \hbox (43.08884pt too wide) in paragraph at lines 8188--8188
[]\TU/lmtt/m/n/12 ##   [1] 50 a3 5b d7 d8 61 62 96 9b 71 5e 91 dc f8 36 dd ba 4
0 5a 55 7b 2b bd 79 88[] 
 []


Overfull \hbox (43.11284pt too wide) in paragraph at lines 8188--8188
[]\TU/lmtt/m/n/12 ##  [26] 02 b5 e2 63 c3 7c 62 ab 19 cb 28 8d 17 fe 64 95 54 4
d 8e 5e 41 b2 f8 0f e4[] 
 []


Overfull \hbox (43.08884pt too wide) in paragraph at lines 8188--8188
[]\TU/lmtt/m/n/12 ##  [51] 20 1e aa 94 2d 1d 02 93 20 3f 7c 44 93 6b 69 aa 90 b
9 11 37 aa be 20 fa f0[] 
 []


Overfull \hbox (43.10085pt too wide) in paragraph at lines 8188--8188
[]\TU/lmtt/m/n/12 ##  [76] af d2 63 7c 50 07 8c a4 3a 59 87 de dd 11 c6 16 27 2
e aa 19 7d 30 a7 e8 92[] 
 []


Overfull \hbox (43.12483pt too wide) in paragraph at lines 8188--8188
[]\TU/lmtt/m/n/12 ## [101] 2f 26 17 fb 35 a6 51 b7 c8 42 a7 bc d7 0d 47 a2 54 3
7 a2 68 63 27 86 00 40[] 
 []


Overfull \hbox (43.08885pt too wide) in paragraph at lines 8188--8188
[]\TU/lmtt/m/n/12 ## [126] 26 d8 3a 52 b1 d8 b3 e2 26 2d e9 9c 6f eb 86 08 00 f
2 ca 3f 24 31 b3 0b 97[] 
 []


Overfull \hbox (43.06483pt too wide) in paragraph at lines 8188--8188
[]\TU/lmtt/m/n/12 ## [151] b4 18 2d 99 8f e6 18 3e 27 c7 82 c5 b2 69 16 61 27 a
6 78 55 dc 61 3e 80 c6[] 
 []


Overfull \hbox (43.08885pt too wide) in paragraph at lines 8188--8188
[]\TU/lmtt/m/n/12 ## [176] db 7b fc bb 3a 82 2c f7 51 5c 9e 38 c6 23 c9 3d c7 d
e fc c6 93 68 60 78 28[] 
 []


Overfull \hbox (43.14882pt too wide) in paragraph at lines 8188--8188
[]\TU/lmtt/m/n/12 ## [201] d0 7d 4d 2f ce 6b 53 ed 2e 5a ce 55 12 ad a9 3c b0 9
4 13 b2 d3 bc 0a 70 04[] 
 []


Overfull \hbox (43.11284pt too wide) in paragraph at lines 8188--8188
[]\TU/lmtt/m/n/12 ## [226] f8 3e 0c a7 cb 04 cb f0 4a a2 a7 ad 56 64 95 17 71 2
0 27 79 87 8c a5 09 32[] 
 []

[205] [206] [207] (Tectutorial.bbl)
Package atveryend Info: Empty hook `BeforeClearDocument' on input line 8293.
[208]
Package atveryend Info: Empty hook `AfterLastShipout' on input line 8293.
(Tectutorial.aux)
Package atveryend Info: Empty hook `AtVeryEndDocument' on input line 8293.
Package atveryend Info: Empty hook `AtEndAfterFileList' on input line 8293.
 ) 
Here is how much of TeX's memory you used:
 30778 strings out of 427665
 553586 string characters out of 3149131
 784022 words of memory out of 3000000
 34465 multiletter control sequences out of 15000+200000
 539781 words of font info for 94 fonts, out of 3000000 for 9000
 1348 hyphenation exceptions out of 8191
 59i,8n,115p,812b,464s stack positions out of 5000i,500n,10000p,200000b,50000s

Output written on Tectutorial.pdf (208 pages).
